#
# A fatal error has been detected by the Java Runtime Environment:
#
#  Internal Error (generateOopMap.cpp:2164), pid=510, tid=518
#  fatal error: Illegal class file encountered. Try running with -Xverify:all in method addItemsToInventory
#
# JRE version: OpenJDK Runtime Environment (11.0.14.1+1) (build 11.0.14.1+1-LTS)
# Java VM: OpenJDK 64-Bit Server VM (11.0.14.1+1-LTS, mixed mode, tiered, compressed oops, g1 gc, linux-amd64)
# Core dump will be written. Default location: Core dumps may be processed with "/usr/share/apport/apport %p %s %c %d %P %E" (or dumping to /home/dagawi/Programming/_nology/Java/Inventory_challenge/core.510)
#
# If you would like to submit a bug report, please visit:
#   https://bell-sw.com/support
#

---------------  S U M M A R Y ------------

Command Line: -agentlib:jdwp=transport=dt_socket,address=127.0.0.1:58485,suspend=y,server=n -ea -Didea.test.cyclic.buffer.size=1048576 -javaagent:/app/idea-IC/plugins/java/lib/rt/debugger-agent.jar -Dfile.encoding=UTF-8 com.intellij.rt.junit.JUnitStarter -ideVersion5 -junit5 com.nology.InventoryTest,addItemsToInventory

Host: Intel(R) Core(TM) i7-8650U CPU @ 1.90GHz, 8 cores, 15G, Freedesktop.org 21.08.11 (Flatpak runtime)
Time: Thu Mar 10 10:29:46 2022 GMT elapsed time: 1214.510918 seconds (0d 0h 20m 14s)

---------------  T H R E A D  ---------------

Current thread (0x00007f7ed8290800):  VMThread "VM Thread" [stack: 0x00007f7ebc02e000,0x00007f7ebc12e000] [id=518]

Stack: [0x00007f7ebc02e000,0x00007f7ebc12e000],  sp=0x00007f7ebc12bae0,  free space=1014k
Native frames: (J=compiled Java code, A=aot compiled Java code, j=interpreted, Vv=VM code, C=native code)
V  [libjvm.so+0xf43d0a]  VMError::report_and_die(int, char const*, char const*, __va_list_tag*, Thread*, unsigned char*, void*, void*, char const*, int, unsigned long)+0x1ca
V  [libjvm.so+0x6d0bbf]  report_fatal(VMErrorType, char const*, int, char const*, ...)+0x10f
V  [libjvm.so+0x83ab6f]  GenerateOopMap::error_work(char const*, __va_list_tag*)+0xcf
V  [libjvm.so+0x83ac4b]  GenerateOopMap::report_error(char const*, ...) [clone .constprop.80]+0x8b
V  [libjvm.so+0x83d479]  GenerateOopMap::interp1(BytecodeStream*)+0x539
V  [libjvm.so+0x83f85c]  GenerateOopMap::interp_bb(BasicBlock*)+0x15c
V  [libjvm.so+0x84241d]  GenerateOopMap::do_interpretation()+0xbd
V  [libjvm.so+0x8427d9]  GenerateOopMap::compute_map(Thread*)+0x269
V  [libjvm.so+0xc59f4a]  OopMapCacheEntry::fill(methodHandle const&, int)+0x20a
V  [libjvm.so+0xc5a4cb]  OopMapCache::compute_one_oop_map(methodHandle const&, int, InterpreterOopMap*)+0x6b
V  [libjvm.so+0xbe3af6]  Method::mask_for(int, InterpreterOopMap*)+0x76
V  [libjvm.so+0xa67cbc]  VM_GetOrSetLocal::doit()+0x4c
V  [libjvm.so+0xf474c7]  VM_Operation::evaluate()+0xe7
V  [libjvm.so+0xf4da7f]  VMThread::evaluate_operation(VM_Operation*) [clone .constprop.66]+0xff
V  [libjvm.so+0xf4dff8]  VMThread::loop()+0x428
V  [libjvm.so+0xf4e493]  VMThread::run()+0x73
V  [libjvm.so+0xed302f]  Thread::call_run()+0x14f
V  [libjvm.so+0xc7318e]  thread_native_entry(Thread*)+0xee
C  [libpthread.so.0+0x83ba]

VM_Operation (0x00007f7ea92f5880): GetOrSetLocal, mode: safepoint, requested by thread 0x00007f7ed840c000


---------------  P R O C E S S  ---------------

Threads class SMR info:
_java_thread_list=0x00007f7e70000b60, length=12, elements={
0x00007f7ed8054000, 0x00007f7ed8298800, 0x00007f7ed829c800, 0x00007f7ed82b0800,
0x00007f7ed82b2800, 0x00007f7ed82b4800, 0x00007f7ed82b6800, 0x00007f7ed82b8800,
0x00007f7ed8386800, 0x00007f7ed840c000, 0x00007f7ed8410800, 0x00007f7e74001800
}

Java Threads: ( => current thread )
  0x00007f7ed8054000 JavaThread "main" [_thread_blocked, id=512, stack(0x00007f7edd0b3000,0x00007f7edd1b4000)]
  0x00007f7ed8298800 JavaThread "Reference Handler" daemon [_thread_blocked, id=519, stack(0x00007f7eb05bf000,0x00007f7eb06c0000)]
  0x00007f7ed829c800 JavaThread "Finalizer" daemon [_thread_blocked, id=520, stack(0x00007f7eb04be000,0x00007f7eb05bf000)]
  0x00007f7ed82b0800 JavaThread "Signal Dispatcher" daemon [_thread_blocked, id=521, stack(0x00007f7eb03bd000,0x00007f7eb04be000)]
  0x00007f7ed82b2800 JavaThread "Service Thread" daemon [_thread_blocked, id=522, stack(0x00007f7eb02bc000,0x00007f7eb03bd000)]
  0x00007f7ed82b4800 JavaThread "C2 CompilerThread0" daemon [_thread_blocked, id=523, stack(0x00007f7eb01bb000,0x00007f7eb02bc000)]
  0x00007f7ed82b6800 JavaThread "C1 CompilerThread0" daemon [_thread_blocked, id=524, stack(0x00007f7eb00ba000,0x00007f7eb01bb000)]
  0x00007f7ed82b8800 JavaThread "Sweeper thread" daemon [_thread_blocked, id=525, stack(0x00007f7ea96ff000,0x00007f7ea9800000)]
  0x00007f7ed8386800 JavaThread "Common-Cleaner" daemon [_thread_blocked, id=526, stack(0x00007f7ea95fe000,0x00007f7ea96ff000)]
  0x00007f7ed840c000 JavaThread "JDWP Transport Listener: dt_socket" daemon [_thread_blocked, id=528, stack(0x00007f7ea91f6000,0x00007f7ea92f7000)] _threads_hazard_ptr=0x00007f7e70000b60
  0x00007f7ed8410800 JavaThread "JDWP Event Helper Thread" daemon [_thread_blocked, id=529, stack(0x00007f7ea90f5000,0x00007f7ea91f6000)]
  0x00007f7e74001800 JavaThread "JDWP Command Reader" daemon [_thread_in_native, id=530, stack(0x00007f7ea8ff4000,0x00007f7ea90f5000)]

Other Threads:
=>0x00007f7ed8290800 VMThread "VM Thread" [stack: 0x00007f7ebc02e000,0x00007f7ebc12e000] [id=518]
  0x00007f7ed841d800 WatcherThread [stack: 0x00007f7ea8ef4000,0x00007f7ea8ff4000] [id=539]
  0x00007f7ed806d000 GCTaskThread "GC Thread#0" [stack: 0x00007f7ebeddb000,0x00007f7ebeedb000] [id=513]
  0x00007f7ed80c9000 ConcurrentGCThread "G1 Main Marker" [stack: 0x00007f7ebcd1a000,0x00007f7ebce1a000] [id=514]
  0x00007f7ed80ca800 ConcurrentGCThread "G1 Conc#0" [stack: 0x00007f7ebcc18000,0x00007f7ebcd18000] [id=515]
  0x00007f7ed81c4800 ConcurrentGCThread "G1 Refine#0" [stack: 0x00007f7ebc30e000,0x00007f7ebc40e000] [id=516]
  0x00007f7ed81c6000 ConcurrentGCThread "G1 Young RemSet Sampling" [stack: 0x00007f7ebc20c000,0x00007f7ebc30c000] [id=517]

Threads with active compile tasks:

VM state:at safepoint (normal execution)

VM Mutex/Monitor currently owned by a thread:  ([mutex/lock_event])
[0x00007f7ed8050590] Threads_lock - owner thread: 0x00007f7ed8290800

Heap address: 0x000000070d800000, size: 3880 MB, Compressed Oops mode: Zero based, Oop shift amount: 3
Narrow klass base: 0x0000000800000000, Narrow klass shift: 0
Compressed class space size: 1073741824 Address: 0x0000000800000000

Heap:
 garbage-first heap   total 249856K, used 20480K [0x000000070d800000, 0x0000000800000000)
  region size 1024K, 22 young (22528K), 0 survivors (0K)
 Metaspace       used 12027K, capacity 12561K, committed 12800K, reserved 1060864K
  class space    used 1260K, capacity 1463K, committed 1536K, reserved 1048576K
Heap Regions: E=young(eden), S=young(survivor), O=old, HS=humongous(starts), HC=humongous(continues), CS=collection set, F=free, A=archive, TAMS=top-at-mark-start (previous, next)
|   0|0x000000070d800000, 0x000000070d800000, 0x000000070d900000|  0%| F|  |TAMS 0x000000070d800000, 0x000000070d800000| Untracked 
|   1|0x000000070d900000, 0x000000070d900000, 0x000000070da00000|  0%| F|  |TAMS 0x000000070d900000, 0x000000070d900000| Untracked 
|   2|0x000000070da00000, 0x000000070da00000, 0x000000070db00000|  0%| F|  |TAMS 0x000000070da00000, 0x000000070da00000| Untracked 
|   3|0x000000070db00000, 0x000000070db00000, 0x000000070dc00000|  0%| F|  |TAMS 0x000000070db00000, 0x000000070db00000| Untracked 
|   4|0x000000070dc00000, 0x000000070dc00000, 0x000000070dd00000|  0%| F|  |TAMS 0x000000070dc00000, 0x000000070dc00000| Untracked 
|   5|0x000000070dd00000, 0x000000070dd00000, 0x000000070de00000|  0%| F|  |TAMS 0x000000070dd00000, 0x000000070dd00000| Untracked 
|   6|0x000000070de00000, 0x000000070de00000, 0x000000070df00000|  0%| F|  |TAMS 0x000000070de00000, 0x000000070de00000| Untracked 
|   7|0x000000070df00000, 0x000000070df00000, 0x000000070e000000|  0%| F|  |TAMS 0x000000070df00000, 0x000000070df00000| Untracked 
|   8|0x000000070e000000, 0x000000070e000000, 0x000000070e100000|  0%| F|  |TAMS 0x000000070e000000, 0x000000070e000000| Untracked 
|   9|0x000000070e100000, 0x000000070e100000, 0x000000070e200000|  0%| F|  |TAMS 0x000000070e100000, 0x000000070e100000| Untracked 
|  10|0x000000070e200000, 0x000000070e200000, 0x000000070e300000|  0%| F|  |TAMS 0x000000070e200000, 0x000000070e200000| Untracked 
|  11|0x000000070e300000, 0x000000070e300000, 0x000000070e400000|  0%| F|  |TAMS 0x000000070e300000, 0x000000070e300000| Untracked 
|  12|0x000000070e400000, 0x000000070e400000, 0x000000070e500000|  0%| F|  |TAMS 0x000000070e400000, 0x000000070e400000| Untracked 
|  13|0x000000070e500000, 0x000000070e500000, 0x000000070e600000|  0%| F|  |TAMS 0x000000070e500000, 0x000000070e500000| Untracked 
|  14|0x000000070e600000, 0x000000070e600000, 0x000000070e700000|  0%| F|  |TAMS 0x000000070e600000, 0x000000070e600000| Untracked 
|  15|0x000000070e700000, 0x000000070e700000, 0x000000070e800000|  0%| F|  |TAMS 0x000000070e700000, 0x000000070e700000| Untracked 
|  16|0x000000070e800000, 0x000000070e800000, 0x000000070e900000|  0%| F|  |TAMS 0x000000070e800000, 0x000000070e800000| Untracked 
|  17|0x000000070e900000, 0x000000070e900000, 0x000000070ea00000|  0%| F|  |TAMS 0x000000070e900000, 0x000000070e900000| Untracked 
|  18|0x000000070ea00000, 0x000000070ea00000, 0x000000070eb00000|  0%| F|  |TAMS 0x000000070ea00000, 0x000000070ea00000| Untracked 
|  19|0x000000070eb00000, 0x000000070eb00000, 0x000000070ec00000|  0%| F|  |TAMS 0x000000070eb00000, 0x000000070eb00000| Untracked 
|  20|0x000000070ec00000, 0x000000070ec00000, 0x000000070ed00000|  0%| F|  |TAMS 0x000000070ec00000, 0x000000070ec00000| Untracked 
|  21|0x000000070ed00000, 0x000000070ed00000, 0x000000070ee00000|  0%| F|  |TAMS 0x000000070ed00000, 0x000000070ed00000| Untracked 
|  22|0x000000070ee00000, 0x000000070ee00000, 0x000000070ef00000|  0%| F|  |TAMS 0x000000070ee00000, 0x000000070ee00000| Untracked 
|  23|0x000000070ef00000, 0x000000070ef00000, 0x000000070f000000|  0%| F|  |TAMS 0x000000070ef00000, 0x000000070ef00000| Untracked 
|  24|0x000000070f000000, 0x000000070f000000, 0x000000070f100000|  0%| F|  |TAMS 0x000000070f000000, 0x000000070f000000| Untracked 
|  25|0x000000070f100000, 0x000000070f100000, 0x000000070f200000|  0%| F|  |TAMS 0x000000070f100000, 0x000000070f100000| Untracked 
|  26|0x000000070f200000, 0x000000070f200000, 0x000000070f300000|  0%| F|  |TAMS 0x000000070f200000, 0x000000070f200000| Untracked 
|  27|0x000000070f300000, 0x000000070f300000, 0x000000070f400000|  0%| F|  |TAMS 0x000000070f300000, 0x000000070f300000| Untracked 
|  28|0x000000070f400000, 0x000000070f400000, 0x000000070f500000|  0%| F|  |TAMS 0x000000070f400000, 0x000000070f400000| Untracked 
|  29|0x000000070f500000, 0x000000070f500000, 0x000000070f600000|  0%| F|  |TAMS 0x000000070f500000, 0x000000070f500000| Untracked 
|  30|0x000000070f600000, 0x000000070f600000, 0x000000070f700000|  0%| F|  |TAMS 0x000000070f600000, 0x000000070f600000| Untracked 
|  31|0x000000070f700000, 0x000000070f700000, 0x000000070f800000|  0%| F|  |TAMS 0x000000070f700000, 0x000000070f700000| Untracked 
|  32|0x000000070f800000, 0x000000070f800000, 0x000000070f900000|  0%| F|  |TAMS 0x000000070f800000, 0x000000070f800000| Untracked 
|  33|0x000000070f900000, 0x000000070f900000, 0x000000070fa00000|  0%| F|  |TAMS 0x000000070f900000, 0x000000070f900000| Untracked 
|  34|0x000000070fa00000, 0x000000070fa00000, 0x000000070fb00000|  0%| F|  |TAMS 0x000000070fa00000, 0x000000070fa00000| Untracked 
|  35|0x000000070fb00000, 0x000000070fb00000, 0x000000070fc00000|  0%| F|  |TAMS 0x000000070fb00000, 0x000000070fb00000| Untracked 
|  36|0x000000070fc00000, 0x000000070fc00000, 0x000000070fd00000|  0%| F|  |TAMS 0x000000070fc00000, 0x000000070fc00000| Untracked 
|  37|0x000000070fd00000, 0x000000070fd00000, 0x000000070fe00000|  0%| F|  |TAMS 0x000000070fd00000, 0x000000070fd00000| Untracked 
|  38|0x000000070fe00000, 0x000000070fe00000, 0x000000070ff00000|  0%| F|  |TAMS 0x000000070fe00000, 0x000000070fe00000| Untracked 
|  39|0x000000070ff00000, 0x000000070ff00000, 0x0000000710000000|  0%| F|  |TAMS 0x000000070ff00000, 0x000000070ff00000| Untracked 
|  40|0x0000000710000000, 0x0000000710000000, 0x0000000710100000|  0%| F|  |TAMS 0x0000000710000000, 0x0000000710000000| Untracked 
|  41|0x0000000710100000, 0x0000000710100000, 0x0000000710200000|  0%| F|  |TAMS 0x0000000710100000, 0x0000000710100000| Untracked 
|  42|0x0000000710200000, 0x0000000710200000, 0x0000000710300000|  0%| F|  |TAMS 0x0000000710200000, 0x0000000710200000| Untracked 
|  43|0x0000000710300000, 0x0000000710300000, 0x0000000710400000|  0%| F|  |TAMS 0x0000000710300000, 0x0000000710300000| Untracked 
|  44|0x0000000710400000, 0x0000000710400000, 0x0000000710500000|  0%| F|  |TAMS 0x0000000710400000, 0x0000000710400000| Untracked 
|  45|0x0000000710500000, 0x0000000710500000, 0x0000000710600000|  0%| F|  |TAMS 0x0000000710500000, 0x0000000710500000| Untracked 
|  46|0x0000000710600000, 0x0000000710600000, 0x0000000710700000|  0%| F|  |TAMS 0x0000000710600000, 0x0000000710600000| Untracked 
|  47|0x0000000710700000, 0x0000000710700000, 0x0000000710800000|  0%| F|  |TAMS 0x0000000710700000, 0x0000000710700000| Untracked 
|  48|0x0000000710800000, 0x0000000710800000, 0x0000000710900000|  0%| F|  |TAMS 0x0000000710800000, 0x0000000710800000| Untracked 
|  49|0x0000000710900000, 0x0000000710900000, 0x0000000710a00000|  0%| F|  |TAMS 0x0000000710900000, 0x0000000710900000| Untracked 
|  50|0x0000000710a00000, 0x0000000710a00000, 0x0000000710b00000|  0%| F|  |TAMS 0x0000000710a00000, 0x0000000710a00000| Untracked 
|  51|0x0000000710b00000, 0x0000000710b00000, 0x0000000710c00000|  0%| F|  |TAMS 0x0000000710b00000, 0x0000000710b00000| Untracked 
|  52|0x0000000710c00000, 0x0000000710c00000, 0x0000000710d00000|  0%| F|  |TAMS 0x0000000710c00000, 0x0000000710c00000| Untracked 
|  53|0x0000000710d00000, 0x0000000710d00000, 0x0000000710e00000|  0%| F|  |TAMS 0x0000000710d00000, 0x0000000710d00000| Untracked 
|  54|0x0000000710e00000, 0x0000000710e00000, 0x0000000710f00000|  0%| F|  |TAMS 0x0000000710e00000, 0x0000000710e00000| Untracked 
|  55|0x0000000710f00000, 0x0000000710f00000, 0x0000000711000000|  0%| F|  |TAMS 0x0000000710f00000, 0x0000000710f00000| Untracked 
|  56|0x0000000711000000, 0x0000000711000000, 0x0000000711100000|  0%| F|  |TAMS 0x0000000711000000, 0x0000000711000000| Untracked 
|  57|0x0000000711100000, 0x0000000711100000, 0x0000000711200000|  0%| F|  |TAMS 0x0000000711100000, 0x0000000711100000| Untracked 
|  58|0x0000000711200000, 0x0000000711200000, 0x0000000711300000|  0%| F|  |TAMS 0x0000000711200000, 0x0000000711200000| Untracked 
|  59|0x0000000711300000, 0x0000000711300000, 0x0000000711400000|  0%| F|  |TAMS 0x0000000711300000, 0x0000000711300000| Untracked 
|  60|0x0000000711400000, 0x0000000711400000, 0x0000000711500000|  0%| F|  |TAMS 0x0000000711400000, 0x0000000711400000| Untracked 
|  61|0x0000000711500000, 0x0000000711500000, 0x0000000711600000|  0%| F|  |TAMS 0x0000000711500000, 0x0000000711500000| Untracked 
|  62|0x0000000711600000, 0x0000000711600000, 0x0000000711700000|  0%| F|  |TAMS 0x0000000711600000, 0x0000000711600000| Untracked 
|  63|0x0000000711700000, 0x0000000711700000, 0x0000000711800000|  0%| F|  |TAMS 0x0000000711700000, 0x0000000711700000| Untracked 
|  64|0x0000000711800000, 0x0000000711800000, 0x0000000711900000|  0%| F|  |TAMS 0x0000000711800000, 0x0000000711800000| Untracked 
|  65|0x0000000711900000, 0x0000000711900000, 0x0000000711a00000|  0%| F|  |TAMS 0x0000000711900000, 0x0000000711900000| Untracked 
|  66|0x0000000711a00000, 0x0000000711a00000, 0x0000000711b00000|  0%| F|  |TAMS 0x0000000711a00000, 0x0000000711a00000| Untracked 
|  67|0x0000000711b00000, 0x0000000711b00000, 0x0000000711c00000|  0%| F|  |TAMS 0x0000000711b00000, 0x0000000711b00000| Untracked 
|  68|0x0000000711c00000, 0x0000000711c00000, 0x0000000711d00000|  0%| F|  |TAMS 0x0000000711c00000, 0x0000000711c00000| Untracked 
|  69|0x0000000711d00000, 0x0000000711d00000, 0x0000000711e00000|  0%| F|  |TAMS 0x0000000711d00000, 0x0000000711d00000| Untracked 
|  70|0x0000000711e00000, 0x0000000711e00000, 0x0000000711f00000|  0%| F|  |TAMS 0x0000000711e00000, 0x0000000711e00000| Untracked 
|  71|0x0000000711f00000, 0x0000000711f00000, 0x0000000712000000|  0%| F|  |TAMS 0x0000000711f00000, 0x0000000711f00000| Untracked 
|  72|0x0000000712000000, 0x0000000712000000, 0x0000000712100000|  0%| F|  |TAMS 0x0000000712000000, 0x0000000712000000| Untracked 
|  73|0x0000000712100000, 0x0000000712100000, 0x0000000712200000|  0%| F|  |TAMS 0x0000000712100000, 0x0000000712100000| Untracked 
|  74|0x0000000712200000, 0x0000000712200000, 0x0000000712300000|  0%| F|  |TAMS 0x0000000712200000, 0x0000000712200000| Untracked 
|  75|0x0000000712300000, 0x0000000712300000, 0x0000000712400000|  0%| F|  |TAMS 0x0000000712300000, 0x0000000712300000| Untracked 
|  76|0x0000000712400000, 0x0000000712400000, 0x0000000712500000|  0%| F|  |TAMS 0x0000000712400000, 0x0000000712400000| Untracked 
|  77|0x0000000712500000, 0x0000000712500000, 0x0000000712600000|  0%| F|  |TAMS 0x0000000712500000, 0x0000000712500000| Untracked 
|  78|0x0000000712600000, 0x0000000712600000, 0x0000000712700000|  0%| F|  |TAMS 0x0000000712600000, 0x0000000712600000| Untracked 
|  79|0x0000000712700000, 0x0000000712700000, 0x0000000712800000|  0%| F|  |TAMS 0x0000000712700000, 0x0000000712700000| Untracked 
|  80|0x0000000712800000, 0x0000000712800000, 0x0000000712900000|  0%| F|  |TAMS 0x0000000712800000, 0x0000000712800000| Untracked 
|  81|0x0000000712900000, 0x0000000712900000, 0x0000000712a00000|  0%| F|  |TAMS 0x0000000712900000, 0x0000000712900000| Untracked 
|  82|0x0000000712a00000, 0x0000000712a00000, 0x0000000712b00000|  0%| F|  |TAMS 0x0000000712a00000, 0x0000000712a00000| Untracked 
|  83|0x0000000712b00000, 0x0000000712b00000, 0x0000000712c00000|  0%| F|  |TAMS 0x0000000712b00000, 0x0000000712b00000| Untracked 
|  84|0x0000000712c00000, 0x0000000712c00000, 0x0000000712d00000|  0%| F|  |TAMS 0x0000000712c00000, 0x0000000712c00000| Untracked 
|  85|0x0000000712d00000, 0x0000000712d00000, 0x0000000712e00000|  0%| F|  |TAMS 0x0000000712d00000, 0x0000000712d00000| Untracked 
|  86|0x0000000712e00000, 0x0000000712e00000, 0x0000000712f00000|  0%| F|  |TAMS 0x0000000712e00000, 0x0000000712e00000| Untracked 
|  87|0x0000000712f00000, 0x0000000712f00000, 0x0000000713000000|  0%| F|  |TAMS 0x0000000712f00000, 0x0000000712f00000| Untracked 
|  88|0x0000000713000000, 0x0000000713000000, 0x0000000713100000|  0%| F|  |TAMS 0x0000000713000000, 0x0000000713000000| Untracked 
|  89|0x0000000713100000, 0x0000000713100000, 0x0000000713200000|  0%| F|  |TAMS 0x0000000713100000, 0x0000000713100000| Untracked 
|  90|0x0000000713200000, 0x0000000713200000, 0x0000000713300000|  0%| F|  |TAMS 0x0000000713200000, 0x0000000713200000| Untracked 
|  91|0x0000000713300000, 0x0000000713300000, 0x0000000713400000|  0%| F|  |TAMS 0x0000000713300000, 0x0000000713300000| Untracked 
|  92|0x0000000713400000, 0x0000000713400000, 0x0000000713500000|  0%| F|  |TAMS 0x0000000713400000, 0x0000000713400000| Untracked 
|  93|0x0000000713500000, 0x0000000713500000, 0x0000000713600000|  0%| F|  |TAMS 0x0000000713500000, 0x0000000713500000| Untracked 
|  94|0x0000000713600000, 0x0000000713600000, 0x0000000713700000|  0%| F|  |TAMS 0x0000000713600000, 0x0000000713600000| Untracked 
|  95|0x0000000713700000, 0x0000000713700000, 0x0000000713800000|  0%| F|  |TAMS 0x0000000713700000, 0x0000000713700000| Untracked 
|  96|0x0000000713800000, 0x0000000713800000, 0x0000000713900000|  0%| F|  |TAMS 0x0000000713800000, 0x0000000713800000| Untracked 
|  97|0x0000000713900000, 0x0000000713900000, 0x0000000713a00000|  0%| F|  |TAMS 0x0000000713900000, 0x0000000713900000| Untracked 
|  98|0x0000000713a00000, 0x0000000713a00000, 0x0000000713b00000|  0%| F|  |TAMS 0x0000000713a00000, 0x0000000713a00000| Untracked 
|  99|0x0000000713b00000, 0x0000000713b00000, 0x0000000713c00000|  0%| F|  |TAMS 0x0000000713b00000, 0x0000000713b00000| Untracked 
| 100|0x0000000713c00000, 0x0000000713c00000, 0x0000000713d00000|  0%| F|  |TAMS 0x0000000713c00000, 0x0000000713c00000| Untracked 
| 101|0x0000000713d00000, 0x0000000713d00000, 0x0000000713e00000|  0%| F|  |TAMS 0x0000000713d00000, 0x0000000713d00000| Untracked 
| 102|0x0000000713e00000, 0x0000000713e00000, 0x0000000713f00000|  0%| F|  |TAMS 0x0000000713e00000, 0x0000000713e00000| Untracked 
| 103|0x0000000713f00000, 0x0000000713f00000, 0x0000000714000000|  0%| F|  |TAMS 0x0000000713f00000, 0x0000000713f00000| Untracked 
| 104|0x0000000714000000, 0x0000000714000000, 0x0000000714100000|  0%| F|  |TAMS 0x0000000714000000, 0x0000000714000000| Untracked 
| 105|0x0000000714100000, 0x0000000714100000, 0x0000000714200000|  0%| F|  |TAMS 0x0000000714100000, 0x0000000714100000| Untracked 
| 106|0x0000000714200000, 0x0000000714200000, 0x0000000714300000|  0%| F|  |TAMS 0x0000000714200000, 0x0000000714200000| Untracked 
| 107|0x0000000714300000, 0x0000000714300000, 0x0000000714400000|  0%| F|  |TAMS 0x0000000714300000, 0x0000000714300000| Untracked 
| 108|0x0000000714400000, 0x0000000714400000, 0x0000000714500000|  0%| F|  |TAMS 0x0000000714400000, 0x0000000714400000| Untracked 
| 109|0x0000000714500000, 0x0000000714500000, 0x0000000714600000|  0%| F|  |TAMS 0x0000000714500000, 0x0000000714500000| Untracked 
| 110|0x0000000714600000, 0x0000000714600000, 0x0000000714700000|  0%| F|  |TAMS 0x0000000714600000, 0x0000000714600000| Untracked 
| 111|0x0000000714700000, 0x0000000714700000, 0x0000000714800000|  0%| F|  |TAMS 0x0000000714700000, 0x0000000714700000| Untracked 
| 112|0x0000000714800000, 0x0000000714800000, 0x0000000714900000|  0%| F|  |TAMS 0x0000000714800000, 0x0000000714800000| Untracked 
| 113|0x0000000714900000, 0x0000000714900000, 0x0000000714a00000|  0%| F|  |TAMS 0x0000000714900000, 0x0000000714900000| Untracked 
| 114|0x0000000714a00000, 0x0000000714a00000, 0x0000000714b00000|  0%| F|  |TAMS 0x0000000714a00000, 0x0000000714a00000| Untracked 
| 115|0x0000000714b00000, 0x0000000714b00000, 0x0000000714c00000|  0%| F|  |TAMS 0x0000000714b00000, 0x0000000714b00000| Untracked 
| 116|0x0000000714c00000, 0x0000000714c00000, 0x0000000714d00000|  0%| F|  |TAMS 0x0000000714c00000, 0x0000000714c00000| Untracked 
| 117|0x0000000714d00000, 0x0000000714d00000, 0x0000000714e00000|  0%| F|  |TAMS 0x0000000714d00000, 0x0000000714d00000| Untracked 
| 118|0x0000000714e00000, 0x0000000714e00000, 0x0000000714f00000|  0%| F|  |TAMS 0x0000000714e00000, 0x0000000714e00000| Untracked 
| 119|0x0000000714f00000, 0x0000000714f00000, 0x0000000715000000|  0%| F|  |TAMS 0x0000000714f00000, 0x0000000714f00000| Untracked 
| 120|0x0000000715000000, 0x0000000715000000, 0x0000000715100000|  0%| F|  |TAMS 0x0000000715000000, 0x0000000715000000| Untracked 
| 121|0x0000000715100000, 0x0000000715100000, 0x0000000715200000|  0%| F|  |TAMS 0x0000000715100000, 0x0000000715100000| Untracked 
| 122|0x0000000715200000, 0x0000000715200000, 0x0000000715300000|  0%| F|  |TAMS 0x0000000715200000, 0x0000000715200000| Untracked 
| 123|0x0000000715300000, 0x0000000715300000, 0x0000000715400000|  0%| F|  |TAMS 0x0000000715300000, 0x0000000715300000| Untracked 
| 124|0x0000000715400000, 0x0000000715400000, 0x0000000715500000|  0%| F|  |TAMS 0x0000000715400000, 0x0000000715400000| Untracked 
| 125|0x0000000715500000, 0x0000000715500000, 0x0000000715600000|  0%| F|  |TAMS 0x0000000715500000, 0x0000000715500000| Untracked 
| 126|0x0000000715600000, 0x0000000715600000, 0x0000000715700000|  0%| F|  |TAMS 0x0000000715600000, 0x0000000715600000| Untracked 
| 127|0x0000000715700000, 0x0000000715700000, 0x0000000715800000|  0%| F|  |TAMS 0x0000000715700000, 0x0000000715700000| Untracked 
| 128|0x0000000715800000, 0x0000000715800000, 0x0000000715900000|  0%| F|  |TAMS 0x0000000715800000, 0x0000000715800000| Untracked 
| 129|0x0000000715900000, 0x0000000715900000, 0x0000000715a00000|  0%| F|  |TAMS 0x0000000715900000, 0x0000000715900000| Untracked 
| 130|0x0000000715a00000, 0x0000000715a00000, 0x0000000715b00000|  0%| F|  |TAMS 0x0000000715a00000, 0x0000000715a00000| Untracked 
| 131|0x0000000715b00000, 0x0000000715b00000, 0x0000000715c00000|  0%| F|  |TAMS 0x0000000715b00000, 0x0000000715b00000| Untracked 
| 132|0x0000000715c00000, 0x0000000715c00000, 0x0000000715d00000|  0%| F|  |TAMS 0x0000000715c00000, 0x0000000715c00000| Untracked 
| 133|0x0000000715d00000, 0x0000000715d00000, 0x0000000715e00000|  0%| F|  |TAMS 0x0000000715d00000, 0x0000000715d00000| Untracked 
| 134|0x0000000715e00000, 0x0000000715e00000, 0x0000000715f00000|  0%| F|  |TAMS 0x0000000715e00000, 0x0000000715e00000| Untracked 
| 135|0x0000000715f00000, 0x0000000715f00000, 0x0000000716000000|  0%| F|  |TAMS 0x0000000715f00000, 0x0000000715f00000| Untracked 
| 136|0x0000000716000000, 0x0000000716000000, 0x0000000716100000|  0%| F|  |TAMS 0x0000000716000000, 0x0000000716000000| Untracked 
| 137|0x0000000716100000, 0x0000000716100000, 0x0000000716200000|  0%| F|  |TAMS 0x0000000716100000, 0x0000000716100000| Untracked 
| 138|0x0000000716200000, 0x0000000716200000, 0x0000000716300000|  0%| F|  |TAMS 0x0000000716200000, 0x0000000716200000| Untracked 
| 139|0x0000000716300000, 0x0000000716300000, 0x0000000716400000|  0%| F|  |TAMS 0x0000000716300000, 0x0000000716300000| Untracked 
| 140|0x0000000716400000, 0x0000000716400000, 0x0000000716500000|  0%| F|  |TAMS 0x0000000716400000, 0x0000000716400000| Untracked 
| 141|0x0000000716500000, 0x0000000716500000, 0x0000000716600000|  0%| F|  |TAMS 0x0000000716500000, 0x0000000716500000| Untracked 
| 142|0x0000000716600000, 0x0000000716600000, 0x0000000716700000|  0%| F|  |TAMS 0x0000000716600000, 0x0000000716600000| Untracked 
| 143|0x0000000716700000, 0x0000000716700000, 0x0000000716800000|  0%| F|  |TAMS 0x0000000716700000, 0x0000000716700000| Untracked 
| 144|0x0000000716800000, 0x0000000716800000, 0x0000000716900000|  0%| F|  |TAMS 0x0000000716800000, 0x0000000716800000| Untracked 
| 145|0x0000000716900000, 0x0000000716900000, 0x0000000716a00000|  0%| F|  |TAMS 0x0000000716900000, 0x0000000716900000| Untracked 
| 146|0x0000000716a00000, 0x0000000716a00000, 0x0000000716b00000|  0%| F|  |TAMS 0x0000000716a00000, 0x0000000716a00000| Untracked 
| 147|0x0000000716b00000, 0x0000000716b00000, 0x0000000716c00000|  0%| F|  |TAMS 0x0000000716b00000, 0x0000000716b00000| Untracked 
| 148|0x0000000716c00000, 0x0000000716c00000, 0x0000000716d00000|  0%| F|  |TAMS 0x0000000716c00000, 0x0000000716c00000| Untracked 
| 149|0x0000000716d00000, 0x0000000716d00000, 0x0000000716e00000|  0%| F|  |TAMS 0x0000000716d00000, 0x0000000716d00000| Untracked 
| 150|0x0000000716e00000, 0x0000000716e00000, 0x0000000716f00000|  0%| F|  |TAMS 0x0000000716e00000, 0x0000000716e00000| Untracked 
| 151|0x0000000716f00000, 0x0000000716f00000, 0x0000000717000000|  0%| F|  |TAMS 0x0000000716f00000, 0x0000000716f00000| Untracked 
| 152|0x0000000717000000, 0x0000000717000000, 0x0000000717100000|  0%| F|  |TAMS 0x0000000717000000, 0x0000000717000000| Untracked 
| 153|0x0000000717100000, 0x0000000717100000, 0x0000000717200000|  0%| F|  |TAMS 0x0000000717100000, 0x0000000717100000| Untracked 
| 154|0x0000000717200000, 0x0000000717200000, 0x0000000717300000|  0%| F|  |TAMS 0x0000000717200000, 0x0000000717200000| Untracked 
| 155|0x0000000717300000, 0x0000000717300000, 0x0000000717400000|  0%| F|  |TAMS 0x0000000717300000, 0x0000000717300000| Untracked 
| 156|0x0000000717400000, 0x0000000717400000, 0x0000000717500000|  0%| F|  |TAMS 0x0000000717400000, 0x0000000717400000| Untracked 
| 157|0x0000000717500000, 0x0000000717500000, 0x0000000717600000|  0%| F|  |TAMS 0x0000000717500000, 0x0000000717500000| Untracked 
| 158|0x0000000717600000, 0x0000000717600000, 0x0000000717700000|  0%| F|  |TAMS 0x0000000717600000, 0x0000000717600000| Untracked 
| 159|0x0000000717700000, 0x0000000717700000, 0x0000000717800000|  0%| F|  |TAMS 0x0000000717700000, 0x0000000717700000| Untracked 
| 160|0x0000000717800000, 0x0000000717800000, 0x0000000717900000|  0%| F|  |TAMS 0x0000000717800000, 0x0000000717800000| Untracked 
| 161|0x0000000717900000, 0x0000000717900000, 0x0000000717a00000|  0%| F|  |TAMS 0x0000000717900000, 0x0000000717900000| Untracked 
| 162|0x0000000717a00000, 0x0000000717a00000, 0x0000000717b00000|  0%| F|  |TAMS 0x0000000717a00000, 0x0000000717a00000| Untracked 
| 163|0x0000000717b00000, 0x0000000717b00000, 0x0000000717c00000|  0%| F|  |TAMS 0x0000000717b00000, 0x0000000717b00000| Untracked 
| 164|0x0000000717c00000, 0x0000000717c00000, 0x0000000717d00000|  0%| F|  |TAMS 0x0000000717c00000, 0x0000000717c00000| Untracked 
| 165|0x0000000717d00000, 0x0000000717d00000, 0x0000000717e00000|  0%| F|  |TAMS 0x0000000717d00000, 0x0000000717d00000| Untracked 
| 166|0x0000000717e00000, 0x0000000717e00000, 0x0000000717f00000|  0%| F|  |TAMS 0x0000000717e00000, 0x0000000717e00000| Untracked 
| 167|0x0000000717f00000, 0x0000000717f00000, 0x0000000718000000|  0%| F|  |TAMS 0x0000000717f00000, 0x0000000717f00000| Untracked 
| 168|0x0000000718000000, 0x0000000718000000, 0x0000000718100000|  0%| F|  |TAMS 0x0000000718000000, 0x0000000718000000| Untracked 
| 169|0x0000000718100000, 0x0000000718100000, 0x0000000718200000|  0%| F|  |TAMS 0x0000000718100000, 0x0000000718100000| Untracked 
| 170|0x0000000718200000, 0x0000000718200000, 0x0000000718300000|  0%| F|  |TAMS 0x0000000718200000, 0x0000000718200000| Untracked 
| 171|0x0000000718300000, 0x0000000718300000, 0x0000000718400000|  0%| F|  |TAMS 0x0000000718300000, 0x0000000718300000| Untracked 
| 172|0x0000000718400000, 0x0000000718400000, 0x0000000718500000|  0%| F|  |TAMS 0x0000000718400000, 0x0000000718400000| Untracked 
| 173|0x0000000718500000, 0x0000000718500000, 0x0000000718600000|  0%| F|  |TAMS 0x0000000718500000, 0x0000000718500000| Untracked 
| 174|0x0000000718600000, 0x0000000718600000, 0x0000000718700000|  0%| F|  |TAMS 0x0000000718600000, 0x0000000718600000| Untracked 
| 175|0x0000000718700000, 0x0000000718700000, 0x0000000718800000|  0%| F|  |TAMS 0x0000000718700000, 0x0000000718700000| Untracked 
| 176|0x0000000718800000, 0x0000000718800000, 0x0000000718900000|  0%| F|  |TAMS 0x0000000718800000, 0x0000000718800000| Untracked 
| 177|0x0000000718900000, 0x0000000718900000, 0x0000000718a00000|  0%| F|  |TAMS 0x0000000718900000, 0x0000000718900000| Untracked 
| 178|0x0000000718a00000, 0x0000000718a00000, 0x0000000718b00000|  0%| F|  |TAMS 0x0000000718a00000, 0x0000000718a00000| Untracked 
| 179|0x0000000718b00000, 0x0000000718b00000, 0x0000000718c00000|  0%| F|  |TAMS 0x0000000718b00000, 0x0000000718b00000| Untracked 
| 180|0x0000000718c00000, 0x0000000718c00000, 0x0000000718d00000|  0%| F|  |TAMS 0x0000000718c00000, 0x0000000718c00000| Untracked 
| 181|0x0000000718d00000, 0x0000000718d00000, 0x0000000718e00000|  0%| F|  |TAMS 0x0000000718d00000, 0x0000000718d00000| Untracked 
| 182|0x0000000718e00000, 0x0000000718e00000, 0x0000000718f00000|  0%| F|  |TAMS 0x0000000718e00000, 0x0000000718e00000| Untracked 
| 183|0x0000000718f00000, 0x0000000718f00000, 0x0000000719000000|  0%| F|  |TAMS 0x0000000718f00000, 0x0000000718f00000| Untracked 
| 184|0x0000000719000000, 0x0000000719000000, 0x0000000719100000|  0%| F|  |TAMS 0x0000000719000000, 0x0000000719000000| Untracked 
| 185|0x0000000719100000, 0x0000000719100000, 0x0000000719200000|  0%| F|  |TAMS 0x0000000719100000, 0x0000000719100000| Untracked 
| 186|0x0000000719200000, 0x0000000719200000, 0x0000000719300000|  0%| F|  |TAMS 0x0000000719200000, 0x0000000719200000| Untracked 
| 187|0x0000000719300000, 0x0000000719300000, 0x0000000719400000|  0%| F|  |TAMS 0x0000000719300000, 0x0000000719300000| Untracked 
| 188|0x0000000719400000, 0x0000000719400000, 0x0000000719500000|  0%| F|  |TAMS 0x0000000719400000, 0x0000000719400000| Untracked 
| 189|0x0000000719500000, 0x0000000719500000, 0x0000000719600000|  0%| F|  |TAMS 0x0000000719500000, 0x0000000719500000| Untracked 
| 190|0x0000000719600000, 0x0000000719600000, 0x0000000719700000|  0%| F|  |TAMS 0x0000000719600000, 0x0000000719600000| Untracked 
| 191|0x0000000719700000, 0x0000000719700000, 0x0000000719800000|  0%| F|  |TAMS 0x0000000719700000, 0x0000000719700000| Untracked 
| 192|0x0000000719800000, 0x0000000719800000, 0x0000000719900000|  0%| F|  |TAMS 0x0000000719800000, 0x0000000719800000| Untracked 
| 193|0x0000000719900000, 0x0000000719900000, 0x0000000719a00000|  0%| F|  |TAMS 0x0000000719900000, 0x0000000719900000| Untracked 
| 194|0x0000000719a00000, 0x0000000719a00000, 0x0000000719b00000|  0%| F|  |TAMS 0x0000000719a00000, 0x0000000719a00000| Untracked 
| 195|0x0000000719b00000, 0x0000000719b00000, 0x0000000719c00000|  0%| F|  |TAMS 0x0000000719b00000, 0x0000000719b00000| Untracked 
| 196|0x0000000719c00000, 0x0000000719c00000, 0x0000000719d00000|  0%| F|  |TAMS 0x0000000719c00000, 0x0000000719c00000| Untracked 
| 197|0x0000000719d00000, 0x0000000719d00000, 0x0000000719e00000|  0%| F|  |TAMS 0x0000000719d00000, 0x0000000719d00000| Untracked 
| 198|0x0000000719e00000, 0x0000000719e00000, 0x0000000719f00000|  0%| F|  |TAMS 0x0000000719e00000, 0x0000000719e00000| Untracked 
| 199|0x0000000719f00000, 0x0000000719f00000, 0x000000071a000000|  0%| F|  |TAMS 0x0000000719f00000, 0x0000000719f00000| Untracked 
| 200|0x000000071a000000, 0x000000071a000000, 0x000000071a100000|  0%| F|  |TAMS 0x000000071a000000, 0x000000071a000000| Untracked 
| 201|0x000000071a100000, 0x000000071a100000, 0x000000071a200000|  0%| F|  |TAMS 0x000000071a100000, 0x000000071a100000| Untracked 
| 202|0x000000071a200000, 0x000000071a200000, 0x000000071a300000|  0%| F|  |TAMS 0x000000071a200000, 0x000000071a200000| Untracked 
| 203|0x000000071a300000, 0x000000071a300000, 0x000000071a400000|  0%| F|  |TAMS 0x000000071a300000, 0x000000071a300000| Untracked 
| 204|0x000000071a400000, 0x000000071a400000, 0x000000071a500000|  0%| F|  |TAMS 0x000000071a400000, 0x000000071a400000| Untracked 
| 205|0x000000071a500000, 0x000000071a500000, 0x000000071a600000|  0%| F|  |TAMS 0x000000071a500000, 0x000000071a500000| Untracked 
| 206|0x000000071a600000, 0x000000071a600000, 0x000000071a700000|  0%| F|  |TAMS 0x000000071a600000, 0x000000071a600000| Untracked 
| 207|0x000000071a700000, 0x000000071a700000, 0x000000071a800000|  0%| F|  |TAMS 0x000000071a700000, 0x000000071a700000| Untracked 
| 208|0x000000071a800000, 0x000000071a800000, 0x000000071a900000|  0%| F|  |TAMS 0x000000071a800000, 0x000000071a800000| Untracked 
| 209|0x000000071a900000, 0x000000071a900000, 0x000000071aa00000|  0%| F|  |TAMS 0x000000071a900000, 0x000000071a900000| Untracked 
| 210|0x000000071aa00000, 0x000000071aa00000, 0x000000071ab00000|  0%| F|  |TAMS 0x000000071aa00000, 0x000000071aa00000| Untracked 
| 211|0x000000071ab00000, 0x000000071ab00000, 0x000000071ac00000|  0%| F|  |TAMS 0x000000071ab00000, 0x000000071ab00000| Untracked 
| 212|0x000000071ac00000, 0x000000071ac00000, 0x000000071ad00000|  0%| F|  |TAMS 0x000000071ac00000, 0x000000071ac00000| Untracked 
| 213|0x000000071ad00000, 0x000000071ad00000, 0x000000071ae00000|  0%| F|  |TAMS 0x000000071ad00000, 0x000000071ad00000| Untracked 
| 214|0x000000071ae00000, 0x000000071ae00000, 0x000000071af00000|  0%| F|  |TAMS 0x000000071ae00000, 0x000000071ae00000| Untracked 
| 215|0x000000071af00000, 0x000000071af00000, 0x000000071b000000|  0%| F|  |TAMS 0x000000071af00000, 0x000000071af00000| Untracked 
| 216|0x000000071b000000, 0x000000071b000000, 0x000000071b100000|  0%| F|  |TAMS 0x000000071b000000, 0x000000071b000000| Untracked 
| 217|0x000000071b100000, 0x000000071b100000, 0x000000071b200000|  0%| F|  |TAMS 0x000000071b100000, 0x000000071b100000| Untracked 
| 218|0x000000071b200000, 0x000000071b200000, 0x000000071b300000|  0%| F|  |TAMS 0x000000071b200000, 0x000000071b200000| Untracked 
| 219|0x000000071b300000, 0x000000071b300000, 0x000000071b400000|  0%| F|  |TAMS 0x000000071b300000, 0x000000071b300000| Untracked 
| 220|0x000000071b400000, 0x000000071b400000, 0x000000071b500000|  0%| F|  |TAMS 0x000000071b400000, 0x000000071b400000| Untracked 
| 221|0x000000071b500000, 0x000000071b500000, 0x000000071b600000|  0%| F|  |TAMS 0x000000071b500000, 0x000000071b500000| Untracked 
| 222|0x000000071b600000, 0x000000071b67b638, 0x000000071b700000| 48%| E|  |TAMS 0x000000071b600000, 0x000000071b600000| Complete 
| 223|0x000000071b700000, 0x000000071b800000, 0x000000071b800000|100%| E|CS|TAMS 0x000000071b700000, 0x000000071b700000| Complete 
| 224|0x000000071b800000, 0x000000071b900000, 0x000000071b900000|100%| E|CS|TAMS 0x000000071b800000, 0x000000071b800000| Complete 
| 225|0x000000071b900000, 0x000000071ba00000, 0x000000071ba00000|100%| E|CS|TAMS 0x000000071b900000, 0x000000071b900000| Complete 
| 226|0x000000071ba00000, 0x000000071bb00000, 0x000000071bb00000|100%| E|CS|TAMS 0x000000071ba00000, 0x000000071ba00000| Complete 
| 227|0x000000071bb00000, 0x000000071bc00000, 0x000000071bc00000|100%| E|CS|TAMS 0x000000071bb00000, 0x000000071bb00000| Complete 
| 228|0x000000071bc00000, 0x000000071bd00000, 0x000000071bd00000|100%| E|CS|TAMS 0x000000071bc00000, 0x000000071bc00000| Complete 
| 229|0x000000071bd00000, 0x000000071be00000, 0x000000071be00000|100%| E|CS|TAMS 0x000000071bd00000, 0x000000071bd00000| Complete 
| 230|0x000000071be00000, 0x000000071bf00000, 0x000000071bf00000|100%| E|CS|TAMS 0x000000071be00000, 0x000000071be00000| Complete 
| 231|0x000000071bf00000, 0x000000071c000000, 0x000000071c000000|100%| E|CS|TAMS 0x000000071bf00000, 0x000000071bf00000| Complete 
| 232|0x000000071c000000, 0x000000071c100000, 0x000000071c100000|100%| E|  |TAMS 0x000000071c000000, 0x000000071c000000| Complete 
| 233|0x000000071c100000, 0x000000071c200000, 0x000000071c200000|100%| E|CS|TAMS 0x000000071c100000, 0x000000071c100000| Complete 
| 234|0x000000071c200000, 0x000000071c300000, 0x000000071c300000|100%| E|CS|TAMS 0x000000071c200000, 0x000000071c200000| Complete 
| 235|0x000000071c300000, 0x000000071c400000, 0x000000071c400000|100%| E|CS|TAMS 0x000000071c300000, 0x000000071c300000| Complete 
| 236|0x000000071c400000, 0x000000071c500000, 0x000000071c500000|100%| E|CS|TAMS 0x000000071c400000, 0x000000071c400000| Complete 
| 237|0x000000071c500000, 0x000000071c600000, 0x000000071c600000|100%| E|CS|TAMS 0x000000071c500000, 0x000000071c500000| Complete 
| 238|0x000000071c600000, 0x000000071c700000, 0x000000071c700000|100%| E|CS|TAMS 0x000000071c600000, 0x000000071c600000| Complete 
| 239|0x000000071c700000, 0x000000071c800000, 0x000000071c800000|100%| E|CS|TAMS 0x000000071c700000, 0x000000071c700000| Complete 
| 240|0x000000071c800000, 0x000000071c900000, 0x000000071c900000|100%| E|CS|TAMS 0x000000071c800000, 0x000000071c800000| Complete 
| 241|0x000000071c900000, 0x000000071ca00000, 0x000000071ca00000|100%| E|CS|TAMS 0x000000071c900000, 0x000000071c900000| Complete 
| 242|0x000000071ca00000, 0x000000071cb00000, 0x000000071cb00000|100%| E|CS|TAMS 0x000000071ca00000, 0x000000071ca00000| Complete 
| 243|0x000000071cb00000, 0x000000071cc00000, 0x000000071cc00000|100%| E|CS|TAMS 0x000000071cb00000, 0x000000071cb00000| Complete 

Card table byte_map: [0x00007f7ebd6a9000,0x00007f7ebde3d000] _byte_map_base: 0x00007f7eb9e3d000

Marking Bits (Prev, Next): (CMBitMap*) 0x00007f7ed80b8c68, (CMBitMap*) 0x00007f7ed80b8ca0
 Prev Bits: [0x00007f7eb4360000, 0x00007f7eb8000000)
 Next Bits: [0x00007f7eb06c0000, 0x00007f7eb4360000)

Polling page: 0x00007f7edecf4000

Metaspace:

Usage:
  Non-class:     10.84 MB capacity,    10.51 MB ( 97%) used,   278.09 KB (  3%) free+waste,    52.94 KB ( <1%) overhead. 
      Class:      1.43 MB capacity,     1.23 MB ( 86%) used,   176.32 KB ( 12%) free+waste,    26.19 KB (  2%) overhead. 
       Both:     12.27 MB capacity,    11.75 MB ( 96%) used,   454.41 KB (  4%) free+waste,    79.12 KB ( <1%) overhead. 

Virtual space:
  Non-class space:       12.00 MB reserved,      11.00 MB ( 92%) committed 
      Class space:        1.00 GB reserved,       1.50 MB ( <1%) committed 
             Both:        1.01 GB reserved,      12.50 MB (  1%) committed 

Chunk freelists:
   Non-Class:  2.00 KB
       Class:  0 bytes
        Both:  2.00 KB

MaxMetaspaceSize: unlimited
CompressedClassSpaceSize: 1.00 GB
Initial GC threshold: 20.80 MB
Current GC threshold: 20.80 MB
CDS: off

CodeHeap 'non-profiled nmethods': size=120032Kb used=333Kb max_used=333Kb free=119698Kb
 bounds [0x00007f7ec6a8e000, 0x00007f7ec6cfe000, 0x00007f7ecdfc6000]
CodeHeap 'profiled nmethods': size=120028Kb used=2007Kb max_used=2007Kb free=118020Kb
 bounds [0x00007f7ebf557000, 0x00007f7ebf7c7000, 0x00007f7ec6a8e000]
CodeHeap 'non-nmethods': size=5700Kb used=1181Kb max_used=1197Kb free=4518Kb
 bounds [0x00007f7ebefc6000, 0x00007f7ebf236000, 0x00007f7ebf557000]
 total_blobs=1416 nmethods=1047 adapters=291
 compilation: enabled
              stopped_count=0, restarted_count=0
 full_count=0

Compilation events (20 events):
Event: 1.788 Thread 0x00007f7ed82b4800 1036       4       java.lang.AbstractStringBuilder::<init> (39 bytes)
Event: 1.789 Thread 0x00007f7ed82b6800 1037       3       java.lang.String::checkIndex (46 bytes)
Event: 1.790 Thread 0x00007f7ed82b6800 nmethod 1037 0x00007f7ebf746510 code [0x00007f7ebf7467a0, 0x00007f7ebf747130]
Event: 1.790 Thread 0x00007f7ed82b6800 1038       3       java.lang.String::codePointAt (50 bytes)
Event: 1.791 Thread 0x00007f7ed82b6800 nmethod 1038 0x00007f7ebf747510 code [0x00007f7ebf747700, 0x00007f7ebf747a80]
Event: 1.791 Thread 0x00007f7ed82b6800 1039       3       java.lang.StringUTF16::getChar (60 bytes)
Event: 1.791 Thread 0x00007f7ed82b6800 nmethod 1039 0x00007f7ebf747c90 code [0x00007f7ebf747e40, 0x00007f7ebf747f90]
Event: 1.792 Thread 0x00007f7ed82b6800 1041       3       java.lang.StringLatin1::inflate (34 bytes)
Event: 1.792 Thread 0x00007f7ed82b4800 nmethod 1036 0x00007f7ec6ae0690 code [0x00007f7ec6ae0820, 0x00007f7ec6ae0a38]
Event: 1.792 Thread 0x00007f7ed82b6800 nmethod 1041 0x00007f7ebf748090 code [0x00007f7ebf748260, 0x00007f7ebf748450]
Event: 1.792 Thread 0x00007f7ed82b4800 1040       4       java.lang.StringUTF16::getChar (60 bytes)
Event: 1.794 Thread 0x00007f7ed82b4800 nmethod 1040 0x00007f7ec6ae0f10 code [0x00007f7ec6ae10a0, 0x00007f7ec6ae1158]
Event: 1.795 Thread 0x00007f7ed82b6800 1044       3       java.util.stream.AbstractPipeline::wrapSink (37 bytes)
Event: 1.796 Thread 0x00007f7ed82b6800 nmethod 1044 0x00007f7ebf748590 code [0x00007f7ebf748780, 0x00007f7ebf748b90]
Event: 1.796 Thread 0x00007f7ed82b6800 1046       3       java.lang.invoke.DirectMethodHandle::shouldBeInitialized (123 bytes)
Event: 1.799 Thread 0x00007f7ed82b6800 nmethod 1046 0x00007f7ebf748d90 code [0x00007f7ebf749180, 0x00007f7ebf74a870]
Event: 1.799 Thread 0x00007f7ed82b6800 1043       3       java.util.stream.AbstractPipeline::sourceSpliterator (265 bytes)
Event: 1.800 Thread 0x00007f7ed82b6800 nmethod 1043 0x00007f7ebf74b010 code [0x00007f7ebf74b2c0, 0x00007f7ebf74c280]
Event: 1.800 Thread 0x00007f7ed82b6800 1045       3       java.util.Spliterator::getExactSizeIfKnown (25 bytes)
Event: 1.801 Thread 0x00007f7ed82b6800 nmethod 1045 0x00007f7ebf74c810 code [0x00007f7ebf74c9e0, 0x00007f7ebf74ccd0]

GC Heap History (0 events):
No events

Deoptimization events (20 events):
Event: 1.270 Thread 0x00007f7ed8054000 DEOPT PACKING pc=0x00007f7ec6a9c83c sp=0x00007f7edd1afb50
Event: 1.270 Thread 0x00007f7ed8054000 DEOPT UNPACKING pc=0x00007f7ebf00fea5 sp=0x00007f7edd1afb10 mode 2
Event: 1.290 Thread 0x00007f7ed8054000 DEOPT PACKING pc=0x00007f7ebf59774f sp=0x00007f7edd1af460
Event: 1.290 Thread 0x00007f7ed8054000 DEOPT UNPACKING pc=0x00007f7ebf01064a sp=0x00007f7edd1ae908 mode 0
Event: 1.291 Thread 0x00007f7ed8054000 Uncommon trap: trap_request=0xffffff4d fr.pc=0x00007f7ec6ab9a58 relative=0x0000000000000378
Event: 1.291 Thread 0x00007f7ed8054000 Uncommon trap: reason=unstable_if action=reinterpret pc=0x00007f7ec6ab9a58 method=java.util.HashMap.getNode(ILjava/lang/Object;)Ljava/util/HashMap$Node; @ 129 c2
Event: 1.291 Thread 0x00007f7ed8054000 DEOPT PACKING pc=0x00007f7ec6ab9a58 sp=0x00007f7edd1afe80
Event: 1.292 Thread 0x00007f7ed8054000 DEOPT UNPACKING pc=0x00007f7ebf00fea5 sp=0x00007f7edd1afe40 mode 2
Event: 1.401 Thread 0x00007f7ed8054000 DEOPT PACKING pc=0x00007f7ebf5bf492 sp=0x00007f7edd1af110
Event: 1.401 Thread 0x00007f7ed8054000 DEOPT UNPACKING pc=0x00007f7ebf01064a sp=0x00007f7edd1ae5b8 mode 0
Event: 1.412 Thread 0x00007f7ed8054000 DEOPT PACKING pc=0x00007f7ebf5bf492 sp=0x00007f7edd1b0aa0
Event: 1.412 Thread 0x00007f7ed8054000 DEOPT UNPACKING pc=0x00007f7ebf01064a sp=0x00007f7edd1aff20 mode 0
Event: 1.789 Thread 0x00007f7ed8054000 Uncommon trap: trap_request=0xffffff4d fr.pc=0x00007f7ec6abcb64 relative=0x0000000000000044
Event: 1.789 Thread 0x00007f7ed8054000 Uncommon trap: reason=unstable_if action=reinterpret pc=0x00007f7ec6abcb64 method=java.lang.CharacterData.of(I)Ljava/lang/CharacterData; @ 4 c2
Event: 1.789 Thread 0x00007f7ed8054000 DEOPT PACKING pc=0x00007f7ec6abcb64 sp=0x00007f7edd1af180
Event: 1.789 Thread 0x00007f7ed8054000 DEOPT UNPACKING pc=0x00007f7ebf00fea5 sp=0x00007f7edd1af138 mode 2
Event: 1.794 Thread 0x00007f7ed8054000 Uncommon trap: trap_request=0xffffff4d fr.pc=0x00007f7ec6a95c20 relative=0x0000000000000180
Event: 1.794 Thread 0x00007f7ed8054000 Uncommon trap: reason=unstable_if action=reinterpret pc=0x00007f7ec6a95c20 method=java.lang.String.isLatin1()Z @ 10 c2
Event: 1.794 Thread 0x00007f7ed8054000 DEOPT PACKING pc=0x00007f7ec6a95c20 sp=0x00007f7edd1af9c0
Event: 1.794 Thread 0x00007f7ed8054000 DEOPT UNPACKING pc=0x00007f7ebf00fea5 sp=0x00007f7edd1af918 mode 2

Classes redefined (2 events):
Event: 94.049 Thread 0x00007f7ed8290800 redefined class name=com.nology.Inventory, count=1
Event: 278.834 Thread 0x00007f7ed8290800 redefined class name=com.nology.Inventory, count=2

Internal exceptions (20 events):
Event: 1.464 Thread 0x00007f7ed8054000 Exception <a 'java/lang/NoSuchMethodError'{0x000000071be4bb48}: 'int java.lang.invoke.DirectMethodHandle$Holder.invokeSpecialIFC(java.lang.Object, java.lang.Object, java.lang.Object, java.lang.Object)'> (0x000000071be4bb48) thrown at [./src/hotspot/share/interpreter/linkResolver.cpp, line 773]
Event: 1.479 Thread 0x00007f7ed8054000 Exception <a 'java/lang/NoSuchMethodError'{0x000000071bec4ee8}: 'void java.lang.invoke.DirectMethodHandle$Holder.invokeInterface(java.lang.Object, java.lang.Object)'> (0x000000071bec4ee8) thrown at [./src/hotspot/share/interpreter/linkResolver.cpp, line 773]
Event: 1.480 Thread 0x00007f7ed8054000 Exception <a 'java/lang/IncompatibleClassChangeError'{0x000000071bec7df0}: Found class java.lang.Object, but interface was expected> (0x000000071bec7df0) thrown at [./src/hotspot/share/interpreter/linkResolver.cpp, line 839]
Event: 1.492 Thread 0x00007f7ed8054000 Exception <a 'java/lang/NoSuchMethodError'{0x000000071bd0cff8}: 'java.lang.Object java.lang.invoke.Invokers$Holder.linkToTargetMethod(java.lang.Object, java.lang.Object, java.lang.Object, java.lang.Object, java.lang.Object, java.lang.Object)'> (0x000000071bd0cff8) thrown at [./src/hotspot/share/interpreter/linkResolver.cpp, line 773]
Event: 1.535 Thread 0x00007f7ed8054000 Exception <a 'java/lang/NoSuchMethodError'{0x000000071bc33ea0}: 'java.lang.Object java.lang.invoke.DirectMethodHandle$Holder.invokeSpecialIFC(java.lang.Object, java.lang.Object, java.lang.Object, java.lang.Object)'> (0x000000071bc33ea0) thrown at [./src/hotspot/share/interpreter/linkResolver.cpp, line 773]
Event: 1.540 Thread 0x00007f7ed8054000 Exception <a 'java/lang/NoSuchMethodError'{0x000000071bc4cc68}: 'java.lang.Object java.lang.invoke.DirectMethodHandle$Holder.invokeInterface(java.lang.Object, java.lang.Object, java.lang.Object)'> (0x000000071bc4cc68) thrown at [./src/hotspot/share/interpreter/linkResolver.cpp, line 773]
Event: 1.554 Thread 0x00007f7ed8054000 Exception <a 'java/lang/IncompatibleClassChangeError'{0x000000071bcac3e8}: Found class java.lang.Object, but interface was expected> (0x000000071bcac3e8) thrown at [./src/hotspot/share/interpreter/linkResolver.cpp, line 839]
Event: 1.587 Thread 0x00007f7ed8054000 Exception <a 'java/lang/NoSuchMethodError'{0x000000071bb5a9b0}: 'void java.lang.invoke.DirectMethodHandle$Holder.invokeSpecial(java.lang.Object, java.lang.Object, java.lang.Object, java.lang.Object, java.lang.Object)'> (0x000000071bb5a9b0) thrown at [./src/hotspot/share/interpreter/linkResolver.cpp, line 773]
Event: 1.602 Thread 0x00007f7ed8054000 Exception <a 'java/lang/NoSuchMethodError'{0x000000071bb990c8}: 'void java.lang.invoke.DirectMethodHandle$Holder.invokeInterface(java.lang.Object, java.lang.Object, java.lang.Object, java.lang.Object)'> (0x000000071bb990c8) thrown at [./src/hotspot/share/interpreter/linkResolver.cpp, line 773]
Event: 1.602 Thread 0x00007f7ed8054000 Exception <a 'java/lang/IncompatibleClassChangeError'{0x000000071bb9be88}: Found class java.lang.Object, but interface was expected> (0x000000071bb9be88) thrown at [./src/hotspot/share/interpreter/linkResolver.cpp, line 839]
Event: 1.607 Thread 0x00007f7ed8054000 Exception <a 'java/lang/NoSuchMethodError'{0x000000071bbb2690}: 'void java.lang.invoke.DirectMethodHandle$Holder.invokeStatic(java.lang.Object, java.lang.Object, java.lang.Object, java.lang.Object)'> (0x000000071bbb2690) thrown at [./src/hotspot/share/interpreter/linkResolver.cpp, line 773]
Event: 1.614 Thread 0x00007f7ed8054000 Exception <a 'java/lang/NoSuchMethodError'{0x000000071bbd4de0}: 'java.lang.Object java.lang.invoke.Invokers$Holder.linkToTargetMethod(java.lang.Object, int, java.lang.Object)'> (0x000000071bbd4de0) thrown at [./src/hotspot/share/interpreter/linkResolver.cpp, line 773]
Event: 1.655 Thread 0x00007f7ed8054000 Exception <a 'java/lang/NoSuchMethodError'{0x000000071bad2bd8}: 'int java.lang.invoke.DirectMethodHandle$Holder.invokeStatic(java.lang.Object, java.lang.Object, java.lang.Object, java.lang.Object, java.lang.Object)'> (0x000000071bad2bd8) thrown at [./src/hotspot/share/interpreter/linkResolver.cpp, line 773]
Event: 1.670 Thread 0x00007f7ed8054000 Exception <a 'java/lang/NoSuchMethodError'{0x000000071b92c098}: 'void java.lang.invoke.DirectMethodHandle$Holder.invokeStaticInit(java.lang.Object)'> (0x000000071b92c098) thrown at [./src/hotspot/share/interpreter/linkResolver.cpp, line 773]
Event: 1.676 Thread 0x00007f7ed8054000 Exception <a 'java/lang/NoSuchMethodError'{0x000000071b948ad8}: 'void java.lang.invoke.DirectMethodHandle$Holder.invokeSpecial(java.lang.Object, java.lang.Object)'> (0x000000071b948ad8) thrown at [./src/hotspot/share/interpreter/linkResolver.cpp, line 773]
Event: 1.707 Thread 0x00007f7ed8054000 Exception <a 'java/lang/NoSuchMethodError'{0x000000071b834a88}: 'int java.lang.invoke.DirectMethodHandle$Holder.invokeStaticInit(java.lang.Object, java.lang.Object)'> (0x000000071b834a88) thrown at [./src/hotspot/share/interpreter/linkResolver.cpp, line 773]
Event: 1.759 Thread 0x00007f7ed8054000 Exception <a 'java/lang/NoSuchMethodError'{0x000000071b728dd0}: 'void java.lang.invoke.DirectMethodHandle$Holder.invokeStatic(java.lang.Object, java.lang.Object, java.lang.Object, java.lang.Object, java.lang.Object)'> (0x000000071b728dd0) thrown at [./src/hotspot/share/interpreter/linkResolver.cpp, line 773]
Event: 1.761 Thread 0x00007f7ed8054000 Exception <a 'java/lang/NoSuchMethodError'{0x000000071b737218}: 'java.lang.Object java.lang.invoke.Invokers$Holder.linkToTargetMethod(java.lang.Object, java.lang.Object, java.lang.Object, java.lang.Object, java.lang.Object, java.lang.Object, java.lang.Object)'> (0x000000071b737218) thrown at [./src/hotspot/share/interpreter/linkResolver.cpp, line 773]
Event: 1.762 Thread 0x00007f7ed8054000 Exception <a 'java/lang/NoSuchMethodError'{0x000000071b73cf28}: 'java.lang.Object java.lang.invoke.DirectMethodHandle$Holder.invokeInterface(java.lang.Object, java.lang.Object, java.lang.Object, java.lang.Object, java.lang.Object)'> (0x000000071b73cf28) thrown at [./src/hotspot/share/interpreter/linkResolver.cpp, line 773]
Event: 1.763 Thread 0x00007f7ed8054000 Exception <a 'java/lang/IncompatibleClassChangeError'{0x000000071b740680}: Found class java.lang.Object, but interface was expected> (0x000000071b740680) thrown at [./src/hotspot/share/interpreter/linkResolver.cpp, line 839]

Events (20 events):
Event: 279.585 Executing VM operation: GetFrameCount done
Event: 279.585 Executing VM operation: GetStackTrace
Event: 279.585 Executing VM operation: GetStackTrace done
Event: 1214.339 Executing VM operation: ChangeBreakpoints
Event: 1214.340 Executing VM operation: ChangeBreakpoints done
Event: 1214.344 Executing VM operation: GetFrameCount
Event: 1214.345 Executing VM operation: GetFrameCount done
Event: 1214.345 Executing VM operation: GetFrameCount
Event: 1214.346 Executing VM operation: GetFrameCount done
Event: 1214.346 Executing VM operation: GetStackTrace
Event: 1214.346 Executing VM operation: GetStackTrace done
Event: 1214.398 Executing VM operation: ChangeBreakpoints
Event: 1214.400 Executing VM operation: ChangeBreakpoints done
Event: 1214.404 Executing VM operation: GetFrameCount
Event: 1214.404 Executing VM operation: GetFrameCount done
Event: 1214.404 Executing VM operation: GetStackTrace
Event: 1214.404 Executing VM operation: GetStackTrace done
Event: 1214.490 Executing VM operation: GetFrameLocation
Event: 1214.490 Executing VM operation: GetFrameLocation done
Event: 1214.490 Executing VM operation: GetOrSetLocal


Dynamic libraries:
70d800000-71cc00000 rw-p 00000000 00:00 0 
71cc00000-800000000 ---p 00000000 00:00 0 
800000000-800180000 rw-p 00000000 00:00 0 
800180000-840000000 ---p 00000000 00:00 0 
56247c800000-56247c801000 r-xp 00000000 103:01 4331982                   /home/dagawi/.jdks/liberica-11.0.14.1/bin/java
56247ca01000-56247ca02000 r--p 00001000 103:01 4331982                   /home/dagawi/.jdks/liberica-11.0.14.1/bin/java
56247ca02000-56247ca03000 rw-p 00002000 103:01 4331982                   /home/dagawi/.jdks/liberica-11.0.14.1/bin/java
56247d266000-56247d287000 rw-p 00000000 00:00 0                          [heap]
7f7e68000000-7f7e68027000 rw-p 00000000 00:00 0 
7f7e68027000-7f7e6c000000 ---p 00000000 00:00 0 
7f7e6c000000-7f7e6c021000 rw-p 00000000 00:00 0 
7f7e6c021000-7f7e70000000 ---p 00000000 00:00 0 
7f7e70000000-7f7e701d0000 rw-p 00000000 00:00 0 
7f7e701d0000-7f7e74000000 ---p 00000000 00:00 0 
7f7e74000000-7f7e7402f000 rw-p 00000000 00:00 0 
7f7e7402f000-7f7e78000000 ---p 00000000 00:00 0 
7f7e78000000-7f7e78021000 rw-p 00000000 00:00 0 
7f7e78021000-7f7e7c000000 ---p 00000000 00:00 0 
7f7e7c000000-7f7e7c021000 rw-p 00000000 00:00 0 
7f7e7c021000-7f7e80000000 ---p 00000000 00:00 0 
7f7e80000000-7f7e803c0000 rw-p 00000000 00:00 0 
7f7e803c0000-7f7e84000000 ---p 00000000 00:00 0 
7f7e84000000-7f7e84288000 rw-p 00000000 00:00 0 
7f7e84288000-7f7e88000000 ---p 00000000 00:00 0 
7f7e88000000-7f7e88021000 rw-p 00000000 00:00 0 
7f7e88021000-7f7e8c000000 ---p 00000000 00:00 0 
7f7e8c000000-7f7e8c021000 rw-p 00000000 00:00 0 
7f7e8c021000-7f7e90000000 ---p 00000000 00:00 0 
7f7e90000000-7f7e90021000 rw-p 00000000 00:00 0 
7f7e90021000-7f7e94000000 ---p 00000000 00:00 0 
7f7e94000000-7f7e94021000 rw-p 00000000 00:00 0 
7f7e94021000-7f7e98000000 ---p 00000000 00:00 0 
7f7e98000000-7f7e98021000 rw-p 00000000 00:00 0 
7f7e98021000-7f7e9c000000 ---p 00000000 00:00 0 
7f7e9c000000-7f7e9c08a000 rw-p 00000000 00:00 0 
7f7e9c08a000-7f7ea0000000 ---p 00000000 00:00 0 
7f7ea0000000-7f7ea0021000 rw-p 00000000 00:00 0 
7f7ea0021000-7f7ea4000000 ---p 00000000 00:00 0 
7f7ea4000000-7f7ea4021000 rw-p 00000000 00:00 0 
7f7ea4021000-7f7ea8000000 ---p 00000000 00:00 0 
7f7ea830d000-7f7ea87c9000 rw-p 00000000 00:00 0 
7f7ea87c9000-7f7ea88c9000 ---p 00000000 00:00 0 
7f7ea88c9000-7f7ea8ac9000 rw-p 00000000 00:00 0 
7f7ea8ac9000-7f7ea8ade000 r-xp 00000000 103:01 4331695                   /home/dagawi/.jdks/liberica-11.0.14.1/lib/libnet.so
7f7ea8ade000-7f7ea8cde000 ---p 00015000 103:01 4331695                   /home/dagawi/.jdks/liberica-11.0.14.1/lib/libnet.so
7f7ea8cde000-7f7ea8cdf000 r--p 00015000 103:01 4331695                   /home/dagawi/.jdks/liberica-11.0.14.1/lib/libnet.so
7f7ea8cdf000-7f7ea8ce0000 rw-p 00016000 103:01 4331695                   /home/dagawi/.jdks/liberica-11.0.14.1/lib/libnet.so
7f7ea8ce0000-7f7ea8cf0000 r-xp 00000000 103:01 4331805                   /home/dagawi/.jdks/liberica-11.0.14.1/lib/libnio.so
7f7ea8cf0000-7f7ea8ef0000 ---p 00010000 103:01 4331805                   /home/dagawi/.jdks/liberica-11.0.14.1/lib/libnio.so
7f7ea8ef0000-7f7ea8ef1000 r--p 00010000 103:01 4331805                   /home/dagawi/.jdks/liberica-11.0.14.1/lib/libnio.so
7f7ea8ef1000-7f7ea8ef2000 rw-p 00011000 103:01 4331805                   /home/dagawi/.jdks/liberica-11.0.14.1/lib/libnio.so
7f7ea8ef2000-7f7ea8ef3000 ---p 00000000 00:00 0 
7f7ea8ef3000-7f7ea8ff4000 rw-p 00000000 00:00 0 
7f7ea8ff4000-7f7ea8ff8000 ---p 00000000 00:00 0 
7f7ea8ff8000-7f7ea90f5000 rw-p 00000000 00:00 0 
7f7ea90f5000-7f7ea90f9000 ---p 00000000 00:00 0 
7f7ea90f9000-7f7ea91f6000 rw-p 00000000 00:00 0 
7f7ea91f6000-7f7ea91fa000 ---p 00000000 00:00 0 
7f7ea91fa000-7f7ea92f7000 rw-p 00000000 00:00 0 
7f7ea92f7000-7f7ea92fb000 r-xp 00000000 103:01 4331701                   /home/dagawi/.jdks/liberica-11.0.14.1/lib/libdt_socket.so
7f7ea92fb000-7f7ea94fb000 ---p 00004000 103:01 4331701                   /home/dagawi/.jdks/liberica-11.0.14.1/lib/libdt_socket.so
7f7ea94fb000-7f7ea94fc000 r--p 00004000 103:01 4331701                   /home/dagawi/.jdks/liberica-11.0.14.1/lib/libdt_socket.so
7f7ea94fc000-7f7ea94fd000 rw-p 00005000 103:01 4331701                   /home/dagawi/.jdks/liberica-11.0.14.1/lib/libdt_socket.so
7f7ea94fd000-7f7ea9501000 ---p 00000000 00:00 0 
7f7ea9501000-7f7ea95fe000 rw-p 00000000 00:00 0 
7f7ea95fe000-7f7ea9602000 ---p 00000000 00:00 0 
7f7ea9602000-7f7ea96ff000 rw-p 00000000 00:00 0 
7f7ea96ff000-7f7ea9703000 ---p 00000000 00:00 0 
7f7ea9703000-7f7eac000000 rw-p 00000000 00:00 0 
7f7eac000000-7f7eac021000 rw-p 00000000 00:00 0 
7f7eac021000-7f7eb0000000 ---p 00000000 00:00 0 
7f7eb00ba000-7f7eb00be000 ---p 00000000 00:00 0 
7f7eb00be000-7f7eb01bb000 rw-p 00000000 00:00 0 
7f7eb01bb000-7f7eb01bf000 ---p 00000000 00:00 0 
7f7eb01bf000-7f7eb02bc000 rw-p 00000000 00:00 0 
7f7eb02bc000-7f7eb02c0000 ---p 00000000 00:00 0 
7f7eb02c0000-7f7eb03bd000 rw-p 00000000 00:00 0 
7f7eb03bd000-7f7eb03c1000 ---p 00000000 00:00 0 
7f7eb03c1000-7f7eb04be000 rw-p 00000000 00:00 0 
7f7eb04be000-7f7eb04c2000 ---p 00000000 00:00 0 
7f7eb04c2000-7f7eb05bf000 rw-p 00000000 00:00 0 
7f7eb05bf000-7f7eb05c3000 ---p 00000000 00:00 0 
7f7eb05c3000-7f7eb0a90000 rw-p 00000000 00:00 0 
7f7eb0a90000-7f7eb4360000 ---p 00000000 00:00 0 
7f7eb4360000-7f7eb4730000 rw-p 00000000 00:00 0 
7f7eb4730000-7f7eb8000000 ---p 00000000 00:00 0 
7f7eb8000000-7f7eb8021000 rw-p 00000000 00:00 0 
7f7eb8021000-7f7ebc000000 ---p 00000000 00:00 0 
7f7ebc02c000-7f7ebc02d000 ---p 00000000 00:00 0 
7f7ebc02d000-7f7ebc20a000 rw-p 00000000 00:00 0 
7f7ebc20a000-7f7ebc20b000 ---p 00000000 00:00 0 
7f7ebc20b000-7f7ebc30c000 rw-p 00000000 00:00 0 
7f7ebc30c000-7f7ebc30d000 ---p 00000000 00:00 0 
7f7ebc30d000-7f7ebcc16000 rw-p 00000000 00:00 0 
7f7ebcc16000-7f7ebcc17000 ---p 00000000 00:00 0 
7f7ebcc17000-7f7ebcd18000 rw-p 00000000 00:00 0 
7f7ebcd18000-7f7ebcd19000 ---p 00000000 00:00 0 
7f7ebcd19000-7f7ebcf8f000 rw-p 00000000 00:00 0 
7f7ebcf8f000-7f7ebd6a9000 ---p 00000000 00:00 0 
7f7ebd6a9000-7f7ebd723000 rw-p 00000000 00:00 0 
7f7ebd723000-7f7ebde3d000 ---p 00000000 00:00 0 
7f7ebde3d000-7f7ebdeb7000 rw-p 00000000 00:00 0 
7f7ebdeb7000-7f7ebe5d1000 ---p 00000000 00:00 0 
7f7ebe5d1000-7f7ebedd9000 rw-p 00000000 00:00 0 
7f7ebedd9000-7f7ebedda000 ---p 00000000 00:00 0 
7f7ebedda000-7f7ebeee0000 rw-p 00000000 00:00 0 
7f7ebeee0000-7f7ebefc6000 ---p 00000000 00:00 0 
7f7ebefc6000-7f7ebf236000 rwxp 00000000 00:00 0 
7f7ebf236000-7f7ebf557000 ---p 00000000 00:00 0 
7f7ebf557000-7f7ebf7c7000 rwxp 00000000 00:00 0 
7f7ebf7c7000-7f7ec6a8e000 ---p 00000000 00:00 0 
7f7ec6a8e000-7f7ec6cfe000 rwxp 00000000 00:00 0 
7f7ec6cfe000-7f7ecdfc6000 ---p 00000000 00:00 0 
7f7ecdfc6000-7f7ed8000000 r--s 00000000 103:01 4331799                   /home/dagawi/.jdks/liberica-11.0.14.1/lib/modules
7f7ed8000000-7f7ed8821000 rw-p 00000000 00:00 0 
7f7ed8821000-7f7edc000000 ---p 00000000 00:00 0 
7f7edc019000-7f7edc01e000 rw-p 00000000 00:00 0 
7f7edc01e000-7f7edc104000 ---p 00000000 00:00 0 
7f7edc104000-7f7edc109000 rw-p 00000000 00:00 0 
7f7edc109000-7f7edc110000 ---p 00000000 00:00 0 
7f7edc110000-7f7edc118000 r-xp 00000000 103:01 4331749                   /home/dagawi/.jdks/liberica-11.0.14.1/lib/libzip.so
7f7edc118000-7f7edc317000 ---p 00008000 103:01 4331749                   /home/dagawi/.jdks/liberica-11.0.14.1/lib/libzip.so
7f7edc317000-7f7edc318000 r--p 00007000 103:01 4331749                   /home/dagawi/.jdks/liberica-11.0.14.1/lib/libzip.so
7f7edc318000-7f7edc319000 rw-p 00000000 00:00 0 
7f7edc319000-7f7edc31c000 r--p 00000000 103:01 3278104                   /usr/lib/x86_64-linux-gnu/libnss_files-2.33.so
7f7edc31c000-7f7edc323000 r-xp 00003000 103:01 3278104                   /usr/lib/x86_64-linux-gnu/libnss_files-2.33.so
7f7edc323000-7f7edc325000 r--p 0000a000 103:01 3278104                   /usr/lib/x86_64-linux-gnu/libnss_files-2.33.so
7f7edc325000-7f7edc326000 r--p 0000b000 103:01 3278104                   /usr/lib/x86_64-linux-gnu/libnss_files-2.33.so
7f7edc326000-7f7edc327000 rw-p 0000c000 103:01 3278104                   /usr/lib/x86_64-linux-gnu/libnss_files-2.33.so
7f7edc327000-7f7edc32d000 rw-p 00000000 00:00 0 
7f7edc32d000-7f7edc333000 r--s 0005c000 103:01 4206245                   /app/idea-IC/plugins/java/lib/rt/debugger-agent.jar
7f7edc333000-7f7edc33b000 rw-s 00000000 00:33 626                        /tmp/hsperfdata_dagawi/510
7f7edc33b000-7f7edc390000 r--p 00000000 103:01 3287322                   /usr/lib/locale/en_GB.utf8/LC_CTYPE
7f7edc390000-7f7edc608000 r--p 00000000 103:01 3277216                   /usr/lib/locale/en_GB.utf8/LC_COLLATE
7f7edc608000-7f7edc612000 r-xp 00000000 103:01 4331777                   /home/dagawi/.jdks/liberica-11.0.14.1/lib/libinstrument.so
7f7edc612000-7f7edc811000 ---p 0000a000 103:01 4331777                   /home/dagawi/.jdks/liberica-11.0.14.1/lib/libinstrument.so
7f7edc811000-7f7edc812000 r--p 00009000 103:01 4331777                   /home/dagawi/.jdks/liberica-11.0.14.1/lib/libinstrument.so
7f7edc812000-7f7edc813000 rw-p 0000a000 103:01 4331777                   /home/dagawi/.jdks/liberica-11.0.14.1/lib/libinstrument.so
7f7edc813000-7f7edc84f000 r-xp 00000000 103:01 4331697                   /home/dagawi/.jdks/liberica-11.0.14.1/lib/libjdwp.so
7f7edc84f000-7f7edca4e000 ---p 0003c000 103:01 4331697                   /home/dagawi/.jdks/liberica-11.0.14.1/lib/libjdwp.so
7f7edca4e000-7f7edca4f000 r--p 0003b000 103:01 4331697                   /home/dagawi/.jdks/liberica-11.0.14.1/lib/libjdwp.so
7f7edca4f000-7f7edca50000 rw-p 0003c000 103:01 4331697                   /home/dagawi/.jdks/liberica-11.0.14.1/lib/libjdwp.so
7f7edca50000-7f7edca6b000 r-xp 00000000 103:01 4331784                   /home/dagawi/.jdks/liberica-11.0.14.1/lib/libjimage.so
7f7edca6b000-7f7edcc6b000 ---p 0001b000 103:01 4331784                   /home/dagawi/.jdks/liberica-11.0.14.1/lib/libjimage.so
7f7edcc6b000-7f7edcc6d000 r--p 0001b000 103:01 4331784                   /home/dagawi/.jdks/liberica-11.0.14.1/lib/libjimage.so
7f7edcc6d000-7f7edcc6e000 rw-p 0001d000 103:01 4331784                   /home/dagawi/.jdks/liberica-11.0.14.1/lib/libjimage.so
7f7edcc6e000-7f7edcc98000 r-xp 00000000 103:01 4331731                   /home/dagawi/.jdks/liberica-11.0.14.1/lib/libjava.so
7f7edcc98000-7f7edce97000 ---p 0002a000 103:01 4331731                   /home/dagawi/.jdks/liberica-11.0.14.1/lib/libjava.so
7f7edce97000-7f7edce98000 r--p 00029000 103:01 4331731                   /home/dagawi/.jdks/liberica-11.0.14.1/lib/libjava.so
7f7edce98000-7f7edce99000 rw-p 0002a000 103:01 4331731                   /home/dagawi/.jdks/liberica-11.0.14.1/lib/libjava.so
7f7edce99000-7f7edce9a000 rw-p 00000000 00:00 0 
7f7edce9a000-7f7edcea7000 r-xp 00000000 103:01 4331700                   /home/dagawi/.jdks/liberica-11.0.14.1/lib/libverify.so
7f7edcea7000-7f7edd0a6000 ---p 0000d000 103:01 4331700                   /home/dagawi/.jdks/liberica-11.0.14.1/lib/libverify.so
7f7edd0a6000-7f7edd0a8000 r--p 0000c000 103:01 4331700                   /home/dagawi/.jdks/liberica-11.0.14.1/lib/libverify.so
7f7edd0a8000-7f7edd0a9000 rw-p 00000000 00:00 0 
7f7edd0a9000-7f7edd0ab000 r--p 00000000 103:01 3294399                   /usr/lib/x86_64-linux-gnu/librt-2.33.so
7f7edd0ab000-7f7edd0af000 r-xp 00002000 103:01 3294399                   /usr/lib/x86_64-linux-gnu/librt-2.33.so
7f7edd0af000-7f7edd0b1000 r--p 00006000 103:01 3294399                   /usr/lib/x86_64-linux-gnu/librt-2.33.so
7f7edd0b1000-7f7edd0b2000 r--p 00007000 103:01 3294399                   /usr/lib/x86_64-linux-gnu/librt-2.33.so
7f7edd0b2000-7f7edd0b3000 rw-p 00008000 103:01 3294399                   /usr/lib/x86_64-linux-gnu/librt-2.33.so
7f7edd0b3000-7f7edd0b7000 ---p 00000000 00:00 0 
7f7edd0b7000-7f7edd1b4000 rw-p 00000000 00:00 0 
7f7edd1b4000-7f7edd1c1000 r--p 00000000 103:01 3311107                   /usr/lib/x86_64-linux-gnu/libm-2.33.so
7f7edd1c1000-7f7edd260000 r-xp 0000d000 103:01 3311107                   /usr/lib/x86_64-linux-gnu/libm-2.33.so
7f7edd260000-7f7edd2fb000 r--p 000ac000 103:01 3311107                   /usr/lib/x86_64-linux-gnu/libm-2.33.so
7f7edd2fb000-7f7edd2fc000 r--p 00146000 103:01 3311107                   /usr/lib/x86_64-linux-gnu/libm-2.33.so
7f7edd2fc000-7f7edd2fd000 rw-p 00147000 103:01 3311107                   /usr/lib/x86_64-linux-gnu/libm-2.33.so
7f7edd2fd000-7f7ede56f000 r-xp 00000000 103:01 4331761                   /home/dagawi/.jdks/liberica-11.0.14.1/lib/server/libjvm.so
7f7ede56f000-7f7ede76f000 ---p 01272000 103:01 4331761                   /home/dagawi/.jdks/liberica-11.0.14.1/lib/server/libjvm.so
7f7ede76f000-7f7ede834000 r--p 01272000 103:01 4331761                   /home/dagawi/.jdks/liberica-11.0.14.1/lib/server/libjvm.so
7f7ede834000-7f7ede86f000 rw-p 01337000 103:01 4331761                   /home/dagawi/.jdks/liberica-11.0.14.1/lib/server/libjvm.so
7f7ede86f000-7f7ede8c8000 rw-p 00000000 00:00 0 
7f7ede8c8000-7f7ede8ea000 r--p 00000000 103:01 3311150                   /usr/lib/x86_64-linux-gnu/libc-2.33.so
7f7ede8ea000-7f7edea3e000 r-xp 00022000 103:01 3311150                   /usr/lib/x86_64-linux-gnu/libc-2.33.so
7f7edea3e000-7f7edea88000 r--p 00176000 103:01 3311150                   /usr/lib/x86_64-linux-gnu/libc-2.33.so
7f7edea88000-7f7edea8c000 r--p 001bf000 103:01 3311150                   /usr/lib/x86_64-linux-gnu/libc-2.33.so
7f7edea8c000-7f7edea8e000 rw-p 001c3000 103:01 3311150                   /usr/lib/x86_64-linux-gnu/libc-2.33.so
7f7edea8e000-7f7edea97000 rw-p 00000000 00:00 0 
7f7edea97000-7f7edea98000 r--p 00000000 103:01 3303039                   /usr/lib/x86_64-linux-gnu/libdl-2.33.so
7f7edea98000-7f7edea9a000 r-xp 00001000 103:01 3303039                   /usr/lib/x86_64-linux-gnu/libdl-2.33.so
7f7edea9a000-7f7edea9b000 r--p 00003000 103:01 3303039                   /usr/lib/x86_64-linux-gnu/libdl-2.33.so
7f7edea9b000-7f7edea9c000 r--p 00003000 103:01 3303039                   /usr/lib/x86_64-linux-gnu/libdl-2.33.so
7f7edea9c000-7f7edea9d000 rw-p 00004000 103:01 3303039                   /usr/lib/x86_64-linux-gnu/libdl-2.33.so
7f7edea9d000-7f7edeaad000 r-xp 00000000 103:01 4331793                   /home/dagawi/.jdks/liberica-11.0.14.1/lib/jli/libjli.so
7f7edeaad000-7f7edecac000 ---p 00010000 103:01 4331793                   /home/dagawi/.jdks/liberica-11.0.14.1/lib/jli/libjli.so
7f7edecac000-7f7edecad000 r--p 0000f000 103:01 4331793                   /home/dagawi/.jdks/liberica-11.0.14.1/lib/jli/libjli.so
7f7edecad000-7f7edecae000 rw-p 00010000 103:01 4331793                   /home/dagawi/.jdks/liberica-11.0.14.1/lib/jli/libjli.so
7f7edecae000-7f7edecb4000 r--p 00000000 103:01 3306891                   /usr/lib/x86_64-linux-gnu/libpthread-2.33.so
7f7edecb4000-7f7edecc3000 r-xp 00006000 103:01 3306891                   /usr/lib/x86_64-linux-gnu/libpthread-2.33.so
7f7edecc3000-7f7edecc8000 r--p 00015000 103:01 3306891                   /usr/lib/x86_64-linux-gnu/libpthread-2.33.so
7f7edecc8000-7f7edecc9000 ---p 0001a000 103:01 3306891                   /usr/lib/x86_64-linux-gnu/libpthread-2.33.so
7f7edecc9000-7f7edecca000 r--p 0001a000 103:01 3306891                   /usr/lib/x86_64-linux-gnu/libpthread-2.33.so
7f7edecca000-7f7edeccb000 rw-p 0001b000 103:01 3306891                   /usr/lib/x86_64-linux-gnu/libpthread-2.33.so
7f7edeccb000-7f7edeccf000 rw-p 00000000 00:00 0 
7f7edeccf000-7f7edecd2000 r--p 00000000 103:01 3295188                   /usr/lib/x86_64-linux-gnu/libz.so.1.2.11
7f7edecd2000-7f7edece0000 r-xp 00003000 103:01 3295188                   /usr/lib/x86_64-linux-gnu/libz.so.1.2.11
7f7edece0000-7f7edece6000 r--p 00011000 103:01 3295188                   /usr/lib/x86_64-linux-gnu/libz.so.1.2.11
7f7edece6000-7f7edece7000 r--p 00016000 103:01 3295188                   /usr/lib/x86_64-linux-gnu/libz.so.1.2.11
7f7edece7000-7f7edece8000 rw-p 00017000 103:01 3295188                   /usr/lib/x86_64-linux-gnu/libz.so.1.2.11
7f7edecea000-7f7edeceb000 r--p 00000000 103:01 3285974                   /usr/lib/locale/en_GB.utf8/LC_NUMERIC
7f7edeceb000-7f7edecec000 r--p 00000000 103:01 3289163                   /usr/lib/locale/en_GB.utf8/LC_TIME
7f7edecec000-7f7edeced000 r--p 00000000 103:01 3305449                   /usr/lib/locale/en_GB.utf8/LC_MONETARY
7f7edeced000-7f7edecee000 r--p 00000000 103:01 3283125                   /usr/lib/locale/en_GB.utf8/LC_MESSAGES/SYS_LC_MESSAGES
7f7edecee000-7f7edecef000 r--p 00000000 103:01 3292006                   /usr/lib/locale/en_GB.utf8/LC_PAPER
7f7edecef000-7f7edecf0000 r--p 00000000 103:01 3291587                   /usr/lib/locale/en_GB.utf8/LC_NAME
7f7edecf0000-7f7edecf1000 r--p 00000000 103:01 3294841                   /usr/lib/locale/en_GB.utf8/LC_ADDRESS
7f7edecf1000-7f7edecf2000 r--p 00000000 103:01 3284679                   /usr/lib/locale/en_GB.utf8/LC_TELEPHONE
7f7edecf2000-7f7edecf3000 r--p 00000000 103:01 3280167                   /usr/lib/locale/en_GB.utf8/LC_MEASUREMENT
7f7edecf3000-7f7edecf4000 r--p 00000000 103:01 3303118                   /usr/lib/locale/en_GB.utf8/LC_IDENTIFICATION
7f7edecf4000-7f7edecf5000 ---p 00000000 00:00 0 
7f7edecf5000-7f7edecf6000 r--p 00000000 00:00 0 
7f7edecf6000-7f7edecf8000 rw-p 00000000 00:00 0 
7f7edecf8000-7f7edecf9000 r--p 00000000 103:01 3281654                   /usr/lib/x86_64-linux-gnu/ld-2.33.so
7f7edecf9000-7f7eded1f000 r-xp 00001000 103:01 3281654                   /usr/lib/x86_64-linux-gnu/ld-2.33.so
7f7eded1f000-7f7eded28000 r--p 00027000 103:01 3281654                   /usr/lib/x86_64-linux-gnu/ld-2.33.so
7f7eded28000-7f7eded2a000 r--p 0002f000 103:01 3281654                   /usr/lib/x86_64-linux-gnu/ld-2.33.so
7f7eded2a000-7f7eded2c000 rw-p 00031000 103:01 3281654                   /usr/lib/x86_64-linux-gnu/ld-2.33.so
7ffc3e58d000-7ffc3e5af000 rw-p 00000000 00:00 0                          [stack]
7ffc3e5eb000-7ffc3e5ef000 r--p 00000000 00:00 0                          [vvar]
7ffc3e5ef000-7ffc3e5f1000 r-xp 00000000 00:00 0                          [vdso]
ffffffffff600000-ffffffffff601000 --xp 00000000 00:00 0                  [vsyscall]


VM Arguments:
jvm_args: -agentlib:jdwp=transport=dt_socket,address=127.0.0.1:58485,suspend=y,server=n -ea -Didea.test.cyclic.buffer.size=1048576 -javaagent:/app/idea-IC/plugins/java/lib/rt/debugger-agent.jar -Dfile.encoding=UTF-8 
java_command: com.intellij.rt.junit.JUnitStarter -ideVersion5 -junit5 com.nology.InventoryTest,addItemsToInventory
java_class_path (initial): /home/dagawi/.m2/repository/org/junit/platform/junit-platform-launcher/1.8.1/junit-platform-launcher-1.8.1.jar:/home/dagawi/.m2/repository/org/junit/vintage/junit-vintage-engine/5.8.1/junit-vintage-engine-5.8.1.jar:/app/idea-IC/lib/idea_rt.jar:/app/idea-IC/plugins/junit/lib/junit5-rt.jar:/app/idea-IC/plugins/junit/lib/junit-rt.jar:/home/dagawi/Programming/_nology/Java/Inventory_challenge/out/production/Inventory_challenge:/home/dagawi/.m2/repository/junit/junit/4.13.1/junit-4.13.1.jar:/home/dagawi/.m2/repository/org/hamcrest/hamcrest-core/1.3/hamcrest-core-1.3.jar:/home/dagawi/.m2/repository/org/junit/jupiter/junit-jupiter/5.8.1/junit-jupiter-5.8.1.jar:/home/dagawi/.m2/repository/org/junit/jupiter/junit-jupiter-api/5.8.1/junit-jupiter-api-5.8.1.jar:/home/dagawi/.m2/repository/org/opentest4j/opentest4j/1.2.0/opentest4j-1.2.0.jar:/home/dagawi/.m2/repository/org/junit/platform/junit-platform-commons/1.8.1/junit-platform-commons-1.8.1.jar:/home/dagawi/.m2/repository/org/apiguardian/apiguardian-api/1.1.2/apiguardian-api-1.1.2.jar:/home/dagawi/.m2/repository/org/junit/jupiter/junit-jupiter-params/5.8.1/junit-jupiter-params-5.8.1.jar:/home/dagawi/.m2/repository/org/junit/jupiter/junit-jupiter-engine/5.8.1/junit-jupiter-engine-5.8.1.jar:/home/dagawi/.m2/repository/org/junit/platform/junit-platform-engine/1.8.1/junit-platform-engine-1.8.1.jar
Launcher Type: SUN_STANDARD

[Global flags]
     intx CICompilerCount                          = 4                                         {product} {ergonomic}
     uint ConcGCThreads                            = 2                                         {product} {ergonomic}
     uint G1ConcRefinementThreads                  = 8                                         {product} {ergonomic}
   size_t G1HeapRegionSize                         = 1048576                                   {product} {ergonomic}
    uintx GCDrainStackTargetSize                   = 64                                        {product} {ergonomic}
   size_t InitialHeapSize                          = 255852544                                 {product} {ergonomic}
   size_t MarkStackSize                            = 4194304                                   {product} {ergonomic}
   size_t MaxHeapSize                              = 4068474880                                {product} {ergonomic}
   size_t MaxNewSize                               = 2441084928                                {product} {ergonomic}
   size_t MinHeapDeltaBytes                        = 1048576                                   {product} {ergonomic}
    uintx NonNMethodCodeHeapSize                   = 5836300                                {pd product} {ergonomic}
    uintx NonProfiledCodeHeapSize                  = 122910970                              {pd product} {ergonomic}
    uintx ProfiledCodeHeapSize                     = 122910970                              {pd product} {ergonomic}
    uintx ReservedCodeCacheSize                    = 251658240                              {pd product} {ergonomic}
     bool SegmentedCodeCache                       = true                                      {product} {ergonomic}
     bool UseCompressedClassPointers               = true                                 {lp64_product} {ergonomic}
     bool UseCompressedOops                        = true                                 {lp64_product} {ergonomic}
     bool UseG1GC                                  = true                                      {product} {ergonomic}

Logging:
Log output configuration:
 #0: stdout all=warning uptime,level,tags
 #1: stderr all=off uptime,level,tags

Environment Variables:
PATH=/app/bin:/usr/bin
USERNAME=dagawi
LD_LIBRARY_PATH=
SHELL=/bin/sh
DISPLAY=:99.0
LANG=en_GB.UTF-8

Signal Handlers:
SIGSEGV: [libjvm.so+0xf459a0], sa_mask[0]=11111111011111111101111111111110, sa_flags=SA_RESTART|SA_SIGINFO
SIGBUS: [libjvm.so+0xf459a0], sa_mask[0]=11111111011111111101111111111110, sa_flags=SA_RESTART|SA_SIGINFO
SIGFPE: [libjvm.so+0xf459a0], sa_mask[0]=11111111011111111101111111111110, sa_flags=SA_RESTART|SA_SIGINFO
SIGPIPE: [libjvm.so+0xc68250], sa_mask[0]=11111111011111111101111111111110, sa_flags=SA_RESTART|SA_SIGINFO
SIGXFSZ: [libjvm.so+0xc68250], sa_mask[0]=11111111011111111101111111111110, sa_flags=SA_RESTART|SA_SIGINFO
SIGILL: [libjvm.so+0xf459a0], sa_mask[0]=11111111011111111101111111111110, sa_flags=SA_RESTART|SA_SIGINFO
SIGUSR2: [libjvm.so+0xc680f0], sa_mask[0]=00100000000000000000000000000000, sa_flags=SA_RESTART|SA_SIGINFO
SIGHUP: [libjvm.so+0xc68450], sa_mask[0]=11111111011111111101111111111110, sa_flags=SA_RESTART|SA_SIGINFO
SIGINT: [libjvm.so+0xc68450], sa_mask[0]=11111111011111111101111111111110, sa_flags=SA_RESTART|SA_SIGINFO
SIGTERM: [libjvm.so+0xc68450], sa_mask[0]=11111111011111111101111111111110, sa_flags=SA_RESTART|SA_SIGINFO
SIGQUIT: [libjvm.so+0xc68450], sa_mask[0]=11111111011111111101111111111110, sa_flags=SA_RESTART|SA_SIGINFO


---------------  S Y S T E M  ---------------

OS:NAME=Freedesktop.org
VERSION="21.08.11 (Flatpak runtime)"
VERSION_ID=21.08.11
ID=org.freedesktop.platform
PRETTY_NAME="Freedesktop.org 21.08.11 (Flatpak runtime)"
BUG_REPORT_URL=https://gitlab.com/freedesktop-sdk/freedesktop-sdk/issues
uname:Linux 5.16.11-76051611-generic #202202230823~1646248261~21.10~2b22243 SMP PREEMPT Wed Mar 2 20: x86_64
OS uptime: 1 days 16:01 hours
libc:glibc 2.33 NPTL 2.33 
rlimit (soft/hard): STACK 8192k/infinity , CORE 0k/infinity , NPROC 61748/61748 , NOFILE 1048576/1048576 , AS infinity/infinity , CPU infinity/infinity , DATA infinity/infinity , FSIZE infinity/infinity , MEMLOCK 1985940k/1985940k
load average:2.64 2.32 2.18

/proc/meminfo:
MemTotal:       15887520 kB
MemFree:          512248 kB
MemAvailable:    6964612 kB
Buffers:          863100 kB
Cached:          6391548 kB
SwapCached:            0 kB
Active:          3539916 kB
Inactive:       10317420 kB
Active(anon):      25256 kB
Inactive(anon):  7710180 kB
Active(file):    3514660 kB
Inactive(file):  2607240 kB
Unevictable:      461608 kB
Mlocked:             516 kB
SwapTotal:       4193784 kB
SwapFree:        4193784 kB
Dirty:              3792 kB
Writeback:             0 kB
AnonPages:       7064612 kB
Mapped:          1483824 kB
Shmem:           1132488 kB
KReclaimable:     678336 kB
Slab:             846432 kB
SReclaimable:     678336 kB
SUnreclaim:       168096 kB
KernelStack:       33184 kB
PageTables:        70696 kB
NFS_Unstable:          0 kB
Bounce:                0 kB
WritebackTmp:          0 kB
CommitLimit:    12137544 kB
Committed_AS:   17317220 kB
VmallocTotal:   34359738367 kB
VmallocUsed:       61076 kB
VmallocChunk:          0 kB
Percpu:             7936 kB
HardwareCorrupted:     0 kB
AnonHugePages:         0 kB
ShmemHugePages:        0 kB
ShmemPmdMapped:        0 kB
FileHugePages:         0 kB
FilePmdMapped:         0 kB
HugePages_Total:       0
HugePages_Free:        0
HugePages_Rsvd:        0
HugePages_Surp:        0
Hugepagesize:       2048 kB
Hugetlb:               0 kB
DirectMap4k:      539604 kB
DirectMap2M:    14686208 kB
DirectMap1G:     1048576 kB

/sys/kernel/mm/transparent_hugepage/enabled:
<Not Available>
/sys/kernel/mm/transparent_hugepage/defrag (defrag/compaction efforts parameter):
<Not Available>

Process Memory:
Virtual Size: 6964648K (peak: 6964648K)
Resident Set Size: 78296K (peak: 78296K) (anon: 57968K, file: 20296K, shmem: 32K)
Swapped out: 0K
C-Heap outstanding allocations: 8878K

/proc/sys/kernel/threads-max (system-wide limit on the number of threads):
123496
/proc/sys/vm/max_map_count (maximum number of memory map areas a process may have):
65530
/proc/sys/kernel/pid_max (system-wide limit on number of process identifiers):
4194304

Steal ticks since vm start: 0
Steal ticks percentage since vm start:  0.000

CPU:total 8 (initial active 8) (4 cores per cpu, 2 threads per core) family 6 model 142 stepping 10 microcode 0xea, cmov, cx8, fxsr, mmx, sse, sse2, sse3, ssse3, sse4.1, sse4.2, popcnt, avx, avx2, aes, clmul, erms, 3dnowpref, lzcnt, ht, tsc, tscinvbit, bmi1, bmi2, adx, fma
CPU Model and flags from /proc/cpuinfo:
model name	: Intel(R) Core(TM) i7-8650U CPU @ 1.90GHz
flags		: fpu vme de pse tsc msr pae mce cx8 apic sep mtrr pge mca cmov pat pse36 clflush dts acpi mmx fxsr sse sse2 ss ht tm pbe syscall nx pdpe1gb rdtscp lm constant_tsc art arch_perfmon pebs bts rep_good nopl xtopology nonstop_tsc cpuid aperfmperf pni pclmulqdq dtes64 monitor ds_cpl vmx smx est tm2 ssse3 sdbg fma cx16 xtpr pdcm pcid sse4_1 sse4_2 x2apic movbe popcnt tsc_deadline_timer aes xsave avx f16c rdrand lahf_lm abm 3dnowprefetch cpuid_fault epb invpcid_single pti ssbd ibrs ibpb stibp tpr_shadow vnmi flexpriority ept vpid ept_ad fsgsbase tsc_adjust sgx bmi1 avx2 smep bmi2 erms invpcid mpx rdseed adx smap clflushopt intel_pt xsaveopt xsavec xgetbv1 xsaves dtherm ida arat pln pts hwp hwp_notify hwp_act_window hwp_epp md_clear flush_l1d
Online cpus:
0-7
Offline cpus:

BIOS frequency limitation:
<Not Available>
Frequency switch latency (ns):
0
Available cpu frequencies:
<Not Available>
Current governor:
powersave
Core performance/turbo boost:
<Not Available>

Memory: 4k page, physical 15887520k(512248k free), swap 4193784k(4193784k free)

vm_info: OpenJDK 64-Bit Server VM (11.0.14.1+1-LTS) for linux-amd64 JRE (11.0.14.1+1-LTS), built on Feb  7 2022 21:09:11 by "re" with gcc 7.3.1 20180303 (Red Hat 7.3.1-5)

END.
